Analysis & Synthesis report for mips
Sun May 07 12:42:07 2017
Quartus II 64-Bit Version 15.0.0 Build 145 04/22/2015 SJ Web Edition


---------------------
; Table of Contents ;
---------------------
  1. Legal Notice
  2. Analysis & Synthesis Summary
  3. Analysis & Synthesis Settings
  4. Parallel Compilation
  5. Analysis & Synthesis Source Files Read
  6. Analysis & Synthesis Resource Usage Summary
  7. Analysis & Synthesis Resource Utilization by Entity
  8. Analysis & Synthesis RAM Summary
  9. Analysis & Synthesis IP Cores Summary
 10. General Register Statistics
 11. Inverted Register Statistics
 12. Multiplexer Restructuring Statistics (Restructuring Performed)
 13. Source assignments for data_memory_module:DATAMEMM|altsyncram:altsyncram_component|altsyncram_2504:auto_generated
 14. Source assignments for ROM1PORT:PCREGDATA|altsyncram:altsyncram_component|altsyncram_1024:auto_generated
 15. Parameter Settings for User Entity Instance: data_memory_module:DATAMEMM|altsyncram:altsyncram_component
 16. Parameter Settings for User Entity Instance: ROM1PORT:PCREGDATA|altsyncram:altsyncram_component
 17. altsyncram Parameter Settings by Entity Instance
 18. Port Connectivity Checks: "mips_control:CONTROL"
 19. Post-Synthesis Netlist Statistics for Top Partition
 20. Elapsed Time Per Partition
 21. Analysis & Synthesis Messages



----------------
; Legal Notice ;
----------------
Copyright (C) 1991-2015 Altera Corporation. All rights reserved.
Your use of Altera Corporation's design tools, logic functions 
and other software and tools, and its AMPP partner logic 
functions, and any output files from any of the foregoing 
(including device programming or simulation files), and any 
associated documentation or information are expressly subject 
to the terms and conditions of the Altera Program License 
Subscription Agreement, the Altera Quartus II License Agreement,
the Altera MegaCore Function License Agreement, or other 
applicable license agreement, including, without limitation, 
that your use is for the sole purpose of programming logic 
devices manufactured by Altera and sold by Altera or its 
authorized distributors.  Please refer to the applicable 
agreement for further details.



+------------------------------------------------------------------------------+
; Analysis & Synthesis Summary                                                 ;
+---------------------------------+--------------------------------------------+
; Analysis & Synthesis Status     ; Successful - Sun May 07 12:42:07 2017      ;
; Quartus II 64-Bit Version       ; 15.0.0 Build 145 04/22/2015 SJ Web Edition ;
; Revision Name                   ; mips                                       ;
; Top-level Entity Name           ; mips                                       ;
; Family                          ; Cyclone V                                  ;
; Logic utilization (in ALMs)     ; N/A                                        ;
; Total registers                 ; 1072                                       ;
; Total pins                      ; 210                                        ;
; Total virtual pins              ; 0                                          ;
; Total block memory bits         ; 3,072                                      ;
; Total DSP Blocks                ; 0                                          ;
; Total HSSI RX PCSs              ; 0                                          ;
; Total HSSI PMA RX Deserializers ; 0                                          ;
; Total HSSI TX PCSs              ; 0                                          ;
; Total HSSI PMA TX Serializers   ; 0                                          ;
; Total PLLs                      ; 0                                          ;
; Total DLLs                      ; 0                                          ;
+---------------------------------+--------------------------------------------+


+---------------------------------------------------------------------------------------------------------------------------+
; Analysis & Synthesis Settings                                                                                             ;
+---------------------------------------------------------------------------------+--------------------+--------------------+
; Option                                                                          ; Setting            ; Default Value      ;
+---------------------------------------------------------------------------------+--------------------+--------------------+
; Device                                                                          ; 5CEBA4F23C7        ;                    ;
; Top-level entity name                                                           ; mips               ; mips               ;
; Family name                                                                     ; Cyclone V          ; Cyclone V          ;
; Use smart compilation                                                           ; Off                ; Off                ;
; Enable parallel Assembler and TimeQuest Timing Analyzer during compilation      ; On                 ; On                 ;
; Enable compact report table                                                     ; Off                ; Off                ;
; Restructure Multiplexers                                                        ; Auto               ; Auto               ;
; MLAB Add Timing Constraints For Mixed-Port Feed-Through Mode Setting Don't Care ; Off                ; Off                ;
; Create Debugging Nodes for IP Cores                                             ; Off                ; Off                ;
; Preserve fewer node names                                                       ; On                 ; On                 ;
; Disable OpenCore Plus hardware evaluation                                       ; Off                ; Off                ;
; Verilog Version                                                                 ; Verilog_2001       ; Verilog_2001       ;
; VHDL Version                                                                    ; VHDL_1993          ; VHDL_1993          ;
; State Machine Processing                                                        ; Auto               ; Auto               ;
; Safe State Machine                                                              ; Off                ; Off                ;
; Extract Verilog State Machines                                                  ; On                 ; On                 ;
; Extract VHDL State Machines                                                     ; On                 ; On                 ;
; Ignore Verilog initial constructs                                               ; Off                ; Off                ;
; Iteration limit for constant Verilog loops                                      ; 5000               ; 5000               ;
; Iteration limit for non-constant Verilog loops                                  ; 250                ; 250                ;
; Add Pass-Through Logic to Inferred RAMs                                         ; On                 ; On                 ;
; Infer RAMs from Raw Logic                                                       ; On                 ; On                 ;
; Parallel Synthesis                                                              ; On                 ; On                 ;
; DSP Block Balancing                                                             ; Auto               ; Auto               ;
; NOT Gate Push-Back                                                              ; On                 ; On                 ;
; Power-Up Don't Care                                                             ; On                 ; On                 ;
; Remove Redundant Logic Cells                                                    ; Off                ; Off                ;
; Remove Duplicate Registers                                                      ; On                 ; On                 ;
; Ignore CARRY Buffers                                                            ; Off                ; Off                ;
; Ignore CASCADE Buffers                                                          ; Off                ; Off                ;
; Ignore GLOBAL Buffers                                                           ; Off                ; Off                ;
; Ignore ROW GLOBAL Buffers                                                       ; Off                ; Off                ;
; Ignore LCELL Buffers                                                            ; Off                ; Off                ;
; Ignore SOFT Buffers                                                             ; On                 ; On                 ;
; Limit AHDL Integers to 32 Bits                                                  ; Off                ; Off                ;
; Optimization Technique                                                          ; Balanced           ; Balanced           ;
; Carry Chain Length                                                              ; 70                 ; 70                 ;
; Auto Carry Chains                                                               ; On                 ; On                 ;
; Auto Open-Drain Pins                                                            ; On                 ; On                 ;
; Perform WYSIWYG Primitive Resynthesis                                           ; Off                ; Off                ;
; Auto ROM Replacement                                                            ; On                 ; On                 ;
; Auto RAM Replacement                                                            ; On                 ; On                 ;
; Auto DSP Block Replacement                                                      ; On                 ; On                 ;
; Auto Shift Register Replacement                                                 ; Auto               ; Auto               ;
; Allow Shift Register Merging across Hierarchies                                 ; Auto               ; Auto               ;
; Auto Clock Enable Replacement                                                   ; On                 ; On                 ;
; Strict RAM Replacement                                                          ; Off                ; Off                ;
; Allow Synchronous Control Signals                                               ; On                 ; On                 ;
; Force Use of Synchronous Clear Signals                                          ; Off                ; Off                ;
; Auto Resource Sharing                                                           ; Off                ; Off                ;
; Allow Any RAM Size For Recognition                                              ; Off                ; Off                ;
; Allow Any ROM Size For Recognition                                              ; Off                ; Off                ;
; Allow Any Shift Register Size For Recognition                                   ; Off                ; Off                ;
; Use LogicLock Constraints during Resource Balancing                             ; On                 ; On                 ;
; Ignore translate_off and synthesis_off directives                               ; Off                ; Off                ;
; Timing-Driven Synthesis                                                         ; On                 ; On                 ;
; Report Parameter Settings                                                       ; On                 ; On                 ;
; Report Source Assignments                                                       ; On                 ; On                 ;
; Report Connectivity Checks                                                      ; On                 ; On                 ;
; Ignore Maximum Fan-Out Assignments                                              ; Off                ; Off                ;
; Synchronization Register Chain Length                                           ; 3                  ; 3                  ;
; PowerPlay Power Optimization During Synthesis                                   ; Normal compilation ; Normal compilation ;
; HDL message level                                                               ; Level2             ; Level2             ;
; Suppress Register Optimization Related Messages                                 ; Off                ; Off                ;
; Number of Removed Registers Reported in Synthesis Report                        ; 5000               ; 5000               ;
; Number of Swept Nodes Reported in Synthesis Report                              ; 5000               ; 5000               ;
; Number of Inverted Registers Reported in Synthesis Report                       ; 100                ; 100                ;
; Clock MUX Protection                                                            ; On                 ; On                 ;
; Auto Gated Clock Conversion                                                     ; Off                ; Off                ;
; Block Design Naming                                                             ; Auto               ; Auto               ;
; SDC constraint protection                                                       ; Off                ; Off                ;
; Synthesis Effort                                                                ; Auto               ; Auto               ;
; Shift Register Replacement - Allow Asynchronous Clear Signal                    ; On                 ; On                 ;
; Pre-Mapping Resynthesis Optimization                                            ; Off                ; Off                ;
; Analysis & Synthesis Message Level                                              ; Medium             ; Medium             ;
; Disable Register Merging Across Hierarchies                                     ; Auto               ; Auto               ;
; Resource Aware Inference For Block RAM                                          ; On                 ; On                 ;
; Synthesis Seed                                                                  ; 1                  ; 1                  ;
; Automatic Parallel Synthesis                                                    ; On                 ; On                 ;
; Partial Reconfiguration Bitstream ID                                            ; Off                ; Off                ;
+---------------------------------------------------------------------------------+--------------------+--------------------+


+------------------------------------------+
; Parallel Compilation                     ;
+----------------------------+-------------+
; Processors                 ; Number      ;
+----------------------------+-------------+
; Number detected on machine ; 4           ;
; Maximum allowed            ; 2           ;
;                            ;             ;
; Average used               ; 1.00        ;
; Maximum used               ; 2           ;
;                            ;             ;
; Usage by Processor         ; % Time Used ;
;     Processor 1            ; 100.0%      ;
;     Processor 2            ; < 0.1%      ;
;     Processors 3-4         ;   0.0%      ;
+----------------------------+-------------+


+---------------------------------------------------------------------------------------------------------------------------------------------------------------------------------------------+
; Analysis & Synthesis Source Files Read                                                                                                                                                      ;
+-------------------------------------------+-----------------+----------------------------------+----------------------------------------------------------------------------------+---------+
; File Name with User-Entered Path          ; Used in Netlist ; File Type                        ; File Name with Absolute Path                                                     ; Library ;
+-------------------------------------------+-----------------+----------------------------------+----------------------------------------------------------------------------------+---------+
; Memory_mapped/memory_mapped.vhd           ; yes             ; User VHDL File                   ; C:/Users/DillonBritt/Desktop/Memory_IO/Memory_mapped/memory_mapped.vhd           ;         ;
; mips_control/mips_control.vhd             ; yes             ; User VHDL File                   ; C:/Users/DillonBritt/Desktop/Memory_IO/mips_control/mips_control.vhd             ;         ;
; PCReg.mif                                 ; yes             ; User Memory Initialization File  ; C:/Users/DillonBritt/Desktop/Memory_IO/PCReg.mif                                 ;         ;
; sign-Ext/signExtImm.vhd                   ; yes             ; User VHDL File                   ; C:/Users/DillonBritt/Desktop/Memory_IO/sign-Ext/signExtImm.vhd                   ;         ;
; PCReg/ROM1PORT.vhd                        ; yes             ; User Wizard-Generated File       ; C:/Users/DillonBritt/Desktop/Memory_IO/PCReg/ROM1PORT.vhd                        ;         ;
; PCReg/PCReg.vhd                           ; yes             ; User VHDL File                   ; C:/Users/DillonBritt/Desktop/Memory_IO/PCReg/PCReg.vhd                           ;         ;
; mips_register_file/mips_register_file.vhd ; yes             ; User VHDL File                   ; C:/Users/DillonBritt/Desktop/Memory_IO/mips_register_file/mips_register_file.vhd ;         ;
; data_memory_module.vhd                    ; yes             ; User Wizard-Generated File       ; C:/Users/DillonBritt/Desktop/Memory_IO/data_memory_module.vhd                    ;         ;
; mips_alu/mips.vhd                         ; yes             ; User VHDL File                   ; C:/Users/DillonBritt/Desktop/Memory_IO/mips_alu/mips.vhd                         ;         ;
; mips_alu.vhd                              ; yes             ; User VHDL File                   ; C:/Users/DillonBritt/Desktop/Memory_IO/mips_alu.vhd                              ;         ;
; altsyncram.tdf                            ; yes             ; Megafunction                     ; c:/altera/15.0/quartus/libraries/megafunctions/altsyncram.tdf                    ;         ;
; stratix_ram_block.inc                     ; yes             ; Megafunction                     ; c:/altera/15.0/quartus/libraries/megafunctions/stratix_ram_block.inc             ;         ;
; lpm_mux.inc                               ; yes             ; Megafunction                     ; c:/altera/15.0/quartus/libraries/megafunctions/lpm_mux.inc                       ;         ;
; lpm_decode.inc                            ; yes             ; Megafunction                     ; c:/altera/15.0/quartus/libraries/megafunctions/lpm_decode.inc                    ;         ;
; aglobal150.inc                            ; yes             ; Megafunction                     ; c:/altera/15.0/quartus/libraries/megafunctions/aglobal150.inc                    ;         ;
; a_rdenreg.inc                             ; yes             ; Megafunction                     ; c:/altera/15.0/quartus/libraries/megafunctions/a_rdenreg.inc                     ;         ;
; altrom.inc                                ; yes             ; Megafunction                     ; c:/altera/15.0/quartus/libraries/megafunctions/altrom.inc                        ;         ;
; altram.inc                                ; yes             ; Megafunction                     ; c:/altera/15.0/quartus/libraries/megafunctions/altram.inc                        ;         ;
; altdpram.inc                              ; yes             ; Megafunction                     ; c:/altera/15.0/quartus/libraries/megafunctions/altdpram.inc                      ;         ;
; db/altsyncram_2504.tdf                    ; yes             ; Auto-Generated Megafunction      ; C:/Users/DillonBritt/Desktop/Memory_IO/db/altsyncram_2504.tdf                    ;         ;
; db/altsyncram_1024.tdf                    ; yes             ; Auto-Generated Megafunction      ; C:/Users/DillonBritt/Desktop/Memory_IO/db/altsyncram_1024.tdf                    ;         ;
+-------------------------------------------+-----------------+----------------------------------+----------------------------------------------------------------------------------+---------+


+-----------------------------------------------------------+
; Analysis & Synthesis Resource Usage Summary               ;
+---------------------------------------------+-------------+
; Resource                                    ; Usage       ;
+---------------------------------------------+-------------+
; Estimate of Logic utilization (ALMs needed) ; 1326        ;
;                                             ;             ;
; Combinational ALUT usage for logic          ; 1526        ;
;     -- 7 input functions                    ; 7           ;
;     -- 6 input functions                    ; 983         ;
;     -- 5 input functions                    ; 233         ;
;     -- 4 input functions                    ; 132         ;
;     -- <=3 input functions                  ; 171         ;
;                                             ;             ;
; Dedicated logic registers                   ; 1072        ;
;                                             ;             ;
; I/O pins                                    ; 210         ;
; Total MLAB memory bits                      ; 0           ;
; Total block memory bits                     ; 3072        ;
;                                             ;             ;
; Total DSP Blocks                            ; 0           ;
;                                             ;             ;
; Maximum fan-out node                        ; reset~input ;
; Maximum fan-out                             ; 1072        ;
; Total fan-out                               ; 13279       ;
; Average fan-out                             ; 4.31        ;
+---------------------------------------------+-------------+


+-------------------------------------------------------------------------------------------------------------------------------------------------------------------------------------------------------------------------------------------------------+
; Analysis & Synthesis Resource Utilization by Entity                                                                                                                                                                                                   ;
+-------------------------------------------+-------------------+--------------+-------------------+------------+------+--------------+--------------------------------------------------------------------------------------------------+--------------+
; Compilation Hierarchy Node                ; LC Combinationals ; LC Registers ; Block Memory Bits ; DSP Blocks ; Pins ; Virtual Pins ; Full Hierarchy Name                                                                              ; Library Name ;
+-------------------------------------------+-------------------+--------------+-------------------+------------+------+--------------+--------------------------------------------------------------------------------------------------+--------------+
; |mips                                     ; 1526 (273)        ; 1072 (0)     ; 3072              ; 0          ; 210  ; 0            ; |mips                                                                                            ; work         ;
;    |PCReg:PC|                             ; 3 (3)             ; 32 (32)      ; 0                 ; 0          ; 0    ; 0            ; |mips|PCReg:PC                                                                                   ; work         ;
;    |ROM1PORT:PCREGDATA|                   ; 0 (0)             ; 0 (0)        ; 2048              ; 0          ; 0    ; 0            ; |mips|ROM1PORT:PCREGDATA                                                                         ; work         ;
;       |altsyncram:altsyncram_component|   ; 0 (0)             ; 0 (0)        ; 2048              ; 0          ; 0    ; 0            ; |mips|ROM1PORT:PCREGDATA|altsyncram:altsyncram_component                                         ; work         ;
;          |altsyncram_1024:auto_generated| ; 0 (0)             ; 0 (0)        ; 2048              ; 0          ; 0    ; 0            ; |mips|ROM1PORT:PCREGDATA|altsyncram:altsyncram_component|altsyncram_1024:auto_generated          ; work         ;
;    |data_memory_module:DATAMEMM|          ; 0 (0)             ; 0 (0)        ; 1024              ; 0          ; 0    ; 0            ; |mips|data_memory_module:DATAMEMM                                                                ; work         ;
;       |altsyncram:altsyncram_component|   ; 0 (0)             ; 0 (0)        ; 1024              ; 0          ; 0    ; 0            ; |mips|data_memory_module:DATAMEMM|altsyncram:altsyncram_component                                ; work         ;
;          |altsyncram_2504:auto_generated| ; 0 (0)             ; 0 (0)        ; 1024              ; 0          ; 0    ; 0            ; |mips|data_memory_module:DATAMEMM|altsyncram:altsyncram_component|altsyncram_2504:auto_generated ; work         ;
;    |memory_mapped:MEMORY_MAPPED_IO|       ; 15 (15)           ; 16 (16)      ; 0                 ; 0          ; 0    ; 0            ; |mips|memory_mapped:MEMORY_MAPPED_IO                                                             ; work         ;
;    |mips_alu:ALU|                         ; 435 (435)         ; 0 (0)        ; 0                 ; 0          ; 0    ; 0            ; |mips|mips_alu:ALU                                                                               ; work         ;
;    |mips_control:CONTROL|                 ; 31 (31)           ; 0 (0)        ; 0                 ; 0          ; 0    ; 0            ; |mips|mips_control:CONTROL                                                                       ; work         ;
;    |mips_register_file:REGFILE|           ; 769 (769)         ; 1024 (1024)  ; 0                 ; 0          ; 0    ; 0            ; |mips|mips_register_file:REGFILE                                                                 ; work         ;
+-------------------------------------------+-------------------+--------------+-------------------+------------+------+--------------+--------------------------------------------------------------------------------------------------+--------------+
Note: For table entries with two numbers listed, the numbers in parentheses indicate the number of resources of the given type used by the specific entity alone. The numbers listed outside of parentheses indicate the total resources of the given type used by the specific entity and all of its sub-entities in the hierarchy.


+-----------------------------------------------------------------------------------------------------------------------------------------------------------------------------------------------------------+
; Analysis & Synthesis RAM Summary                                                                                                                                                                          ;
+-------------------------------------------------------------------------------------------------------+------+-------------+--------------+--------------+--------------+--------------+------+-----------+
; Name                                                                                                  ; Type ; Mode        ; Port A Depth ; Port A Width ; Port B Depth ; Port B Width ; Size ; MIF       ;
+-------------------------------------------------------------------------------------------------------+------+-------------+--------------+--------------+--------------+--------------+------+-----------+
; ROM1PORT:PCREGDATA|altsyncram:altsyncram_component|altsyncram_1024:auto_generated|ALTSYNCRAM          ; AUTO ; ROM         ; 64           ; 32           ; --           ; --           ; 2048 ; PCReg.mif ;
; data_memory_module:DATAMEMM|altsyncram:altsyncram_component|altsyncram_2504:auto_generated|ALTSYNCRAM ; AUTO ; Single Port ; 32           ; 32           ; --           ; --           ; 1024 ; None      ;
+-------------------------------------------------------------------------------------------------------+------+-------------+--------------+--------------+--------------+--------------+------+-----------+


+----------------------------------------------------------------------------------------------------------------------------+
; Analysis & Synthesis IP Cores Summary                                                                                      ;
+--------+--------------+---------+--------------+--------------+-----------------------------------+------------------------+
; Vendor ; IP Core Name ; Version ; Release Date ; License Type ; Entity Instance                   ; IP Include File        ;
+--------+--------------+---------+--------------+--------------+-----------------------------------+------------------------+
; Altera ; RAM: 1-PORT  ; 15.0    ; N/A          ; N/A          ; |mips|data_memory_module:DATAMEMM ; data_memory_module.vhd ;
; Altera ; ROM: 1-PORT  ; 15.0    ; N/A          ; N/A          ; |mips|ROM1PORT:PCREGDATA          ; PCReg/ROM1PORT.vhd     ;
+--------+--------------+---------+--------------+--------------+-----------------------------------+------------------------+


+------------------------------------------------------+
; General Register Statistics                          ;
+----------------------------------------------+-------+
; Statistic                                    ; Value ;
+----------------------------------------------+-------+
; Total registers                              ; 1072  ;
; Number of registers using Synchronous Clear  ; 0     ;
; Number of registers using Synchronous Load   ; 0     ;
; Number of registers using Asynchronous Clear ; 1072  ;
; Number of registers using Asynchronous Load  ; 0     ;
; Number of registers using Clock Enable       ; 1042  ;
; Number of registers using Preset             ; 0     ;
+----------------------------------------------+-------+


+--------------------------------------------------+
; Inverted Register Statistics                     ;
+----------------------------------------+---------+
; Inverted Register                      ; Fan out ;
+----------------------------------------+---------+
; PCReg:PC|PC[22]                        ; 2       ;
; Total number of inverted registers = 1 ;         ;
+----------------------------------------+---------+


+------------------------------------------------------------------------------------------------------------------------------------------------------+
; Multiplexer Restructuring Statistics (Restructuring Performed)                                                                                       ;
+--------------------+-----------+---------------+----------------------+------------------------+------------+----------------------------------------+
; Multiplexer Inputs ; Bus Width ; Baseline Area ; Area if Restructured ; Saving if Restructured ; Registered ; Example Multiplexer Output             ;
+--------------------+-----------+---------------+----------------------+------------------------+------------+----------------------------------------+
; 3:1                ; 2 bits    ; 4 LEs         ; 2 LEs                ; 2 LEs                  ; Yes        ; |mips|PCReg:PC|PC[1]                   ;
; 4:1                ; 4 bits    ; 8 LEs         ; 8 LEs                ; 0 LEs                  ; Yes        ; |mips|PCReg:PC|PC[31]                  ;
; 4:1                ; 25 bits   ; 50 LEs        ; 50 LEs               ; 0 LEs                  ; Yes        ; |mips|PCReg:PC|PC[27]                  ;
; 4:1                ; 50 bits   ; 100 LEs       ; 100 LEs              ; 0 LEs                  ; No         ; No name available in netlist           ;
; 4:1                ; 4 bits    ; 8 LEs         ; 8 LEs                ; 0 LEs                  ; No         ; No name available in netlist           ;
; 4:1                ; 4 bits    ; 8 LEs         ; 8 LEs                ; 0 LEs                  ; No         ; No name available in netlist           ;
; 4:1                ; 4 bits    ; 8 LEs         ; 8 LEs                ; 0 LEs                  ; No         ; No name available in netlist           ;
; 4:1                ; 11 bits   ; 22 LEs        ; 22 LEs               ; 0 LEs                  ; No         ; No name available in netlist           ;
; 3:1                ; 5 bits    ; 10 LEs        ; 10 LEs               ; 0 LEs                  ; No         ; |mips|writeReg[1]                      ;
; 5:1                ; 24 bits   ; 72 LEs        ; 72 LEs               ; 0 LEs                  ; No         ; |mips|mips_alu:ALU|ShiftLeft0          ;
; 4:1                ; 24 bits   ; 48 LEs        ; 48 LEs               ; 0 LEs                  ; No         ; |mips|WDATA[11]                        ;
; 16:1               ; 15 bits   ; 150 LEs       ; 105 LEs              ; 45 LEs                 ; No         ; |mips|mips_alu:ALU|Mux23               ;
; 16:1               ; 16 bits   ; 160 LEs       ; 128 LEs              ; 32 LEs                 ; No         ; |mips|mips_alu:ALU|Mux0                ;
; 8:1                ; 8 bits    ; 40 LEs        ; 40 LEs               ; 0 LEs                  ; No         ; |mips|mips_alu:ALU|ShiftRight0         ;
; 32:1               ; 32 bits   ; 672 LEs       ; 672 LEs              ; 0 LEs                  ; No         ; |mips|mips_register_file:REGFILE|Mux61 ;
; 32:1               ; 32 bits   ; 672 LEs       ; 672 LEs              ; 0 LEs                  ; No         ; |mips|mips_register_file:REGFILE|Mux1  ;
; 6:1                ; 8 bits    ; 32 LEs        ; 32 LEs               ; 0 LEs                  ; No         ; |mips|WDATA[1]                         ;
; 64:1               ; 6 bits    ; 252 LEs       ; 84 LEs               ; 168 LEs                ; No         ; |mips|mips_control:CONTROL|Mux8        ;
+--------------------+-----------+---------------+----------------------+------------------------+------------+----------------------------------------+


+-------------------------------------------------------------------------------------------------------------------+
; Source assignments for data_memory_module:DATAMEMM|altsyncram:altsyncram_component|altsyncram_2504:auto_generated ;
+---------------------------------+--------------------+------+-----------------------------------------------------+
; Assignment                      ; Value              ; From ; To                                                  ;
+---------------------------------+--------------------+------+-----------------------------------------------------+
; OPTIMIZE_POWER_DURING_SYNTHESIS ; NORMAL_COMPILATION ; -    ; -                                                   ;
+---------------------------------+--------------------+------+-----------------------------------------------------+


+----------------------------------------------------------------------------------------------------------+
; Source assignments for ROM1PORT:PCREGDATA|altsyncram:altsyncram_component|altsyncram_1024:auto_generated ;
+---------------------------------+--------------------+------+--------------------------------------------+
; Assignment                      ; Value              ; From ; To                                         ;
+---------------------------------+--------------------+------+--------------------------------------------+
; OPTIMIZE_POWER_DURING_SYNTHESIS ; NORMAL_COMPILATION ; -    ; -                                          ;
+---------------------------------+--------------------+------+--------------------------------------------+


+----------------------------------------------------------------------------------------------------------+
; Parameter Settings for User Entity Instance: data_memory_module:DATAMEMM|altsyncram:altsyncram_component ;
+------------------------------------+----------------------+----------------------------------------------+
; Parameter Name                     ; Value                ; Type                                         ;
+------------------------------------+----------------------+----------------------------------------------+
; BYTE_SIZE_BLOCK                    ; 8                    ; Untyped                                      ;
; AUTO_CARRY_CHAINS                  ; ON                   ; AUTO_CARRY                                   ;
; IGNORE_CARRY_BUFFERS               ; OFF                  ; IGNORE_CARRY                                 ;
; AUTO_CASCADE_CHAINS                ; ON                   ; AUTO_CASCADE                                 ;
; IGNORE_CASCADE_BUFFERS             ; OFF                  ; IGNORE_CASCADE                               ;
; WIDTH_BYTEENA                      ; 1                    ; Untyped                                      ;
; OPERATION_MODE                     ; SINGLE_PORT          ; Untyped                                      ;
; WIDTH_A                            ; 32                   ; Signed Integer                               ;
; WIDTHAD_A                          ; 5                    ; Signed Integer                               ;
; NUMWORDS_A                         ; 32                   ; Signed Integer                               ;
; OUTDATA_REG_A                      ; UNREGISTERED         ; Untyped                                      ;
; ADDRESS_ACLR_A                     ; NONE                 ; Untyped                                      ;
; OUTDATA_ACLR_A                     ; NONE                 ; Untyped                                      ;
; WRCONTROL_ACLR_A                   ; NONE                 ; Untyped                                      ;
; INDATA_ACLR_A                      ; NONE                 ; Untyped                                      ;
; BYTEENA_ACLR_A                     ; NONE                 ; Untyped                                      ;
; WIDTH_B                            ; 1                    ; Signed Integer                               ;
; WIDTHAD_B                          ; 1                    ; Signed Integer                               ;
; NUMWORDS_B                         ; 0                    ; Signed Integer                               ;
; INDATA_REG_B                       ; CLOCK1               ; Untyped                                      ;
; WRCONTROL_WRADDRESS_REG_B          ; CLOCK1               ; Untyped                                      ;
; RDCONTROL_REG_B                    ; CLOCK1               ; Untyped                                      ;
; ADDRESS_REG_B                      ; CLOCK1               ; Untyped                                      ;
; OUTDATA_REG_B                      ; UNREGISTERED         ; Untyped                                      ;
; BYTEENA_REG_B                      ; CLOCK1               ; Untyped                                      ;
; INDATA_ACLR_B                      ; NONE                 ; Untyped                                      ;
; WRCONTROL_ACLR_B                   ; NONE                 ; Untyped                                      ;
; ADDRESS_ACLR_B                     ; NONE                 ; Untyped                                      ;
; OUTDATA_ACLR_B                     ; NONE                 ; Untyped                                      ;
; RDCONTROL_ACLR_B                   ; NONE                 ; Untyped                                      ;
; BYTEENA_ACLR_B                     ; NONE                 ; Untyped                                      ;
; WIDTH_BYTEENA_A                    ; 1                    ; Signed Integer                               ;
; WIDTH_BYTEENA_B                    ; 1                    ; Signed Integer                               ;
; RAM_BLOCK_TYPE                     ; AUTO                 ; Untyped                                      ;
; BYTE_SIZE                          ; 8                    ; Signed Integer                               ;
; READ_DURING_WRITE_MODE_MIXED_PORTS ; DONT_CARE            ; Untyped                                      ;
; READ_DURING_WRITE_MODE_PORT_A      ; NEW_DATA_NO_NBE_READ ; Untyped                                      ;
; READ_DURING_WRITE_MODE_PORT_B      ; NEW_DATA_NO_NBE_READ ; Untyped                                      ;
; INIT_FILE                          ; UNUSED               ; Untyped                                      ;
; INIT_FILE_LAYOUT                   ; PORT_A               ; Untyped                                      ;
; MAXIMUM_DEPTH                      ; 0                    ; Signed Integer                               ;
; CLOCK_ENABLE_INPUT_A               ; BYPASS               ; Untyped                                      ;
; CLOCK_ENABLE_INPUT_B               ; NORMAL               ; Untyped                                      ;
; CLOCK_ENABLE_OUTPUT_A              ; BYPASS               ; Untyped                                      ;
; CLOCK_ENABLE_OUTPUT_B              ; NORMAL               ; Untyped                                      ;
; CLOCK_ENABLE_CORE_A                ; USE_INPUT_CLKEN      ; Untyped                                      ;
; CLOCK_ENABLE_CORE_B                ; USE_INPUT_CLKEN      ; Untyped                                      ;
; ENABLE_ECC                         ; FALSE                ; Untyped                                      ;
; ECC_PIPELINE_STAGE_ENABLED         ; FALSE                ; Untyped                                      ;
; WIDTH_ECCSTATUS                    ; 3                    ; Signed Integer                               ;
; DEVICE_FAMILY                      ; Cyclone V            ; Untyped                                      ;
; CBXI_PARAMETER                     ; altsyncram_2504      ; Untyped                                      ;
+------------------------------------+----------------------+----------------------------------------------+
Note: In order to hide this table in the UI and the text report file, please set the "Show Parameter Settings in Synthesis Report" option in "Analysis and Synthesis Settings -> More Settings" to "Off".


+-------------------------------------------------------------------------------------------------+
; Parameter Settings for User Entity Instance: ROM1PORT:PCREGDATA|altsyncram:altsyncram_component ;
+------------------------------------+----------------------+-------------------------------------+
; Parameter Name                     ; Value                ; Type                                ;
+------------------------------------+----------------------+-------------------------------------+
; BYTE_SIZE_BLOCK                    ; 8                    ; Untyped                             ;
; AUTO_CARRY_CHAINS                  ; ON                   ; AUTO_CARRY                          ;
; IGNORE_CARRY_BUFFERS               ; OFF                  ; IGNORE_CARRY                        ;
; AUTO_CASCADE_CHAINS                ; ON                   ; AUTO_CASCADE                        ;
; IGNORE_CASCADE_BUFFERS             ; OFF                  ; IGNORE_CASCADE                      ;
; WIDTH_BYTEENA                      ; 1                    ; Untyped                             ;
; OPERATION_MODE                     ; ROM                  ; Untyped                             ;
; WIDTH_A                            ; 32                   ; Signed Integer                      ;
; WIDTHAD_A                          ; 6                    ; Signed Integer                      ;
; NUMWORDS_A                         ; 64                   ; Signed Integer                      ;
; OUTDATA_REG_A                      ; UNREGISTERED         ; Untyped                             ;
; ADDRESS_ACLR_A                     ; NONE                 ; Untyped                             ;
; OUTDATA_ACLR_A                     ; NONE                 ; Untyped                             ;
; WRCONTROL_ACLR_A                   ; NONE                 ; Untyped                             ;
; INDATA_ACLR_A                      ; NONE                 ; Untyped                             ;
; BYTEENA_ACLR_A                     ; NONE                 ; Untyped                             ;
; WIDTH_B                            ; 1                    ; Signed Integer                      ;
; WIDTHAD_B                          ; 1                    ; Signed Integer                      ;
; NUMWORDS_B                         ; 0                    ; Signed Integer                      ;
; INDATA_REG_B                       ; CLOCK1               ; Untyped                             ;
; WRCONTROL_WRADDRESS_REG_B          ; CLOCK1               ; Untyped                             ;
; RDCONTROL_REG_B                    ; CLOCK1               ; Untyped                             ;
; ADDRESS_REG_B                      ; CLOCK1               ; Untyped                             ;
; OUTDATA_REG_B                      ; UNREGISTERED         ; Untyped                             ;
; BYTEENA_REG_B                      ; CLOCK1               ; Untyped                             ;
; INDATA_ACLR_B                      ; NONE                 ; Untyped                             ;
; WRCONTROL_ACLR_B                   ; NONE                 ; Untyped                             ;
; ADDRESS_ACLR_B                     ; NONE                 ; Untyped                             ;
; OUTDATA_ACLR_B                     ; NONE                 ; Untyped                             ;
; RDCONTROL_ACLR_B                   ; NONE                 ; Untyped                             ;
; BYTEENA_ACLR_B                     ; NONE                 ; Untyped                             ;
; WIDTH_BYTEENA_A                    ; 1                    ; Signed Integer                      ;
; WIDTH_BYTEENA_B                    ; 1                    ; Signed Integer                      ;
; RAM_BLOCK_TYPE                     ; AUTO                 ; Untyped                             ;
; BYTE_SIZE                          ; 8                    ; Signed Integer                      ;
; READ_DURING_WRITE_MODE_MIXED_PORTS ; DONT_CARE            ; Untyped                             ;
; READ_DURING_WRITE_MODE_PORT_A      ; NEW_DATA_NO_NBE_READ ; Untyped                             ;
; READ_DURING_WRITE_MODE_PORT_B      ; NEW_DATA_NO_NBE_READ ; Untyped                             ;
; INIT_FILE                          ; PCReg.mif            ; Untyped                             ;
; INIT_FILE_LAYOUT                   ; PORT_A               ; Untyped                             ;
; MAXIMUM_DEPTH                      ; 0                    ; Signed Integer                      ;
; CLOCK_ENABLE_INPUT_A               ; BYPASS               ; Untyped                             ;
; CLOCK_ENABLE_INPUT_B               ; NORMAL               ; Untyped                             ;
; CLOCK_ENABLE_OUTPUT_A              ; BYPASS               ; Untyped                             ;
; CLOCK_ENABLE_OUTPUT_B              ; NORMAL               ; Untyped                             ;
; CLOCK_ENABLE_CORE_A                ; USE_INPUT_CLKEN      ; Untyped                             ;
; CLOCK_ENABLE_CORE_B                ; USE_INPUT_CLKEN      ; Untyped                             ;
; ENABLE_ECC                         ; FALSE                ; Untyped                             ;
; ECC_PIPELINE_STAGE_ENABLED         ; FALSE                ; Untyped                             ;
; WIDTH_ECCSTATUS                    ; 3                    ; Signed Integer                      ;
; DEVICE_FAMILY                      ; Cyclone V            ; Untyped                             ;
; CBXI_PARAMETER                     ; altsyncram_1024      ; Untyped                             ;
+------------------------------------+----------------------+-------------------------------------+
Note: In order to hide this table in the UI and the text report file, please set the "Show Parameter Settings in Synthesis Report" option in "Analysis and Synthesis Settings -> More Settings" to "Off".


+---------------------------------------------------------------------------------------------------------+
; altsyncram Parameter Settings by Entity Instance                                                        ;
+-------------------------------------------+-------------------------------------------------------------+
; Name                                      ; Value                                                       ;
+-------------------------------------------+-------------------------------------------------------------+
; Number of entity instances                ; 2                                                           ;
; Entity Instance                           ; data_memory_module:DATAMEMM|altsyncram:altsyncram_component ;
;     -- OPERATION_MODE                     ; SINGLE_PORT                                                 ;
;     -- WIDTH_A                            ; 32                                                          ;
;     -- NUMWORDS_A                         ; 32                                                          ;
;     -- OUTDATA_REG_A                      ; UNREGISTERED                                                ;
;     -- WIDTH_B                            ; 1                                                           ;
;     -- NUMWORDS_B                         ; 0                                                           ;
;     -- ADDRESS_REG_B                      ; CLOCK1                                                      ;
;     -- OUTDATA_REG_B                      ; UNREGISTERED                                                ;
;     -- RAM_BLOCK_TYPE                     ; AUTO                                                        ;
;     -- READ_DURING_WRITE_MODE_MIXED_PORTS ; DONT_CARE                                                   ;
; Entity Instance                           ; ROM1PORT:PCREGDATA|altsyncram:altsyncram_component          ;
;     -- OPERATION_MODE                     ; ROM                                                         ;
;     -- WIDTH_A                            ; 32                                                          ;
;     -- NUMWORDS_A                         ; 64                                                          ;
;     -- OUTDATA_REG_A                      ; UNREGISTERED                                                ;
;     -- WIDTH_B                            ; 1                                                           ;
;     -- NUMWORDS_B                         ; 0                                                           ;
;     -- ADDRESS_REG_B                      ; CLOCK1                                                      ;
;     -- OUTDATA_REG_B                      ; UNREGISTERED                                                ;
;     -- RAM_BLOCK_TYPE                     ; AUTO                                                        ;
;     -- READ_DURING_WRITE_MODE_MIXED_PORTS ; DONT_CARE                                                   ;
+-------------------------------------------+-------------------------------------------------------------+


+-------------------------------------------------------------------------------------------------------------------+
; Port Connectivity Checks: "mips_control:CONTROL"                                                                  ;
+---------+--------+----------+-------------------------------------------------------------------------------------+
; Port    ; Type   ; Severity ; Details                                                                             ;
+---------+--------+----------+-------------------------------------------------------------------------------------+
; memread ; Output ; Info     ; Connected to dangling logic. Logic that only feeds a dangling port will be removed. ;
+---------+--------+----------+-------------------------------------------------------------------------------------+


+-----------------------------------------------------+
; Post-Synthesis Netlist Statistics for Top Partition ;
+-----------------------+-----------------------------+
; Type                  ; Count                       ;
+-----------------------+-----------------------------+
; arriav_ff             ; 1072                        ;
;     CLR               ; 30                          ;
;     ENA CLR           ; 1042                        ;
; arriav_lcell_comb     ; 1527                        ;
;     arith             ; 125                         ;
;         0 data inputs ; 1                           ;
;         1 data inputs ; 30                          ;
;         2 data inputs ; 30                          ;
;         5 data inputs ; 64                          ;
;     extend            ; 7                           ;
;         7 data inputs ; 7                           ;
;     normal            ; 1395                        ;
;         1 data inputs ; 1                           ;
;         2 data inputs ; 41                          ;
;         3 data inputs ; 69                          ;
;         4 data inputs ; 132                         ;
;         5 data inputs ; 169                         ;
;         6 data inputs ; 983                         ;
; boundary_port         ; 210                         ;
; stratixv_ram_block    ; 64                          ;
;                       ;                             ;
; Max LUT depth         ; 13.20                       ;
; Average LUT depth     ; 11.67                       ;
+-----------------------+-----------------------------+


+-------------------------------+
; Elapsed Time Per Partition    ;
+----------------+--------------+
; Partition Name ; Elapsed Time ;
+----------------+--------------+
; Top            ; 00:00:07     ;
+----------------+--------------+


+-------------------------------+
; Analysis & Synthesis Messages ;
+-------------------------------+
Info: *******************************************************************
Info: Running Quartus II 64-Bit Analysis & Synthesis
    Info: Version 15.0.0 Build 145 04/22/2015 SJ Web Edition
    Info: Processing started: Sun May 07 12:41:42 2017
Info: Command: quartus_map --read_settings_files=on --write_settings_files=off mips -c mips
Info (11104): Parallel Compilation has detected 4 hyper-threaded processors. However, the extra hyper-threaded processors will not be used by default. Parallel Compilation will use 2 of the 2 physical processors detected instead.
Info (12021): Found 2 design units, including 1 entities, in source file top_level.vhd
    Info (12022): Found design unit 1: top_level-topArch
    Info (12023): Found entity 1: top_level
Info (12021): Found 2 design units, including 1 entities, in source file memory_mapped/memory_mapped.vhd
    Info (12022): Found design unit 1: memory_mapped-memory_mapped_IO
    Info (12023): Found entity 1: memory_mapped
Info (12021): Found 2 design units, including 1 entities, in source file mips_control/mips_control.vhd
    Info (12022): Found design unit 1: mips_control-Behavior
    Info (12023): Found entity 1: mips_control
Info (12021): Found 2 design units, including 1 entities, in source file sign-ext/signextimm.vhd
    Info (12022): Found design unit 1: signExtImm-arch
    Info (12023): Found entity 1: signExtImm
Info (12021): Found 2 design units, including 1 entities, in source file pcreg/rom1port.vhd
    Info (12022): Found design unit 1: rom1port-SYN
    Info (12023): Found entity 1: ROM1PORT
Info (12021): Found 2 design units, including 1 entities, in source file pcreg/pcreg.vhd
    Info (12022): Found design unit 1: PCReg-Behavior
    Info (12023): Found entity 1: PCReg
Info (12021): Found 2 design units, including 1 entities, in source file mips_register_file/mips_register_file.vhd
    Info (12022): Found design unit 1: mips_register_file-arch
    Info (12023): Found entity 1: mips_register_file
Info (12021): Found 2 design units, including 1 entities, in source file data_memory_module.vhd
    Info (12022): Found design unit 1: data_memory_module-SYN
    Info (12023): Found entity 1: data_memory_module
Info (12021): Found 2 design units, including 1 entities, in source file mips_alu/mips.vhd
    Info (12022): Found design unit 1: mips-behavior
    Info (12023): Found entity 1: mips
Info (12021): Found 2 design units, including 1 entities, in source file mips_alu.vhd
    Info (12022): Found design unit 1: mips_alu-arch
    Info (12023): Found entity 1: mips_alu
Info (12127): Elaborating entity "mips" for the top level hierarchy
Warning (10036): Verilog HDL or VHDL warning at mips.vhd(121): object "MEM_Read" assigned a value but never read
Info (12128): Elaborating entity "PCReg" for hierarchy "PCReg:PC"
Info (12128): Elaborating entity "mips_control" for hierarchy "mips_control:CONTROL"
Info (12128): Elaborating entity "mips_register_file" for hierarchy "mips_register_file:REGFILE"
Info (12128): Elaborating entity "mips_alu" for hierarchy "mips_alu:ALU"
Info (12128): Elaborating entity "memory_mapped" for hierarchy "memory_mapped:MEMORY_MAPPED_IO"
Warning (10445): VHDL Subtype or Type Declaration warning at memory_mapped.vhd(22): subtype or type has null range
Info (12128): Elaborating entity "signExtImm" for hierarchy "signExtImm:EXTIMM"
Info (12128): Elaborating entity "data_memory_module" for hierarchy "data_memory_module:DATAMEMM"
Info (12128): Elaborating entity "altsyncram" for hierarchy "data_memory_module:DATAMEMM|altsyncram:altsyncram_component"
Info (12130): Elaborated megafunction instantiation "data_memory_module:DATAMEMM|altsyncram:altsyncram_component"
Info (12133): Instantiated megafunction "data_memory_module:DATAMEMM|altsyncram:altsyncram_component" with the following parameter:
    Info (12134): Parameter "address_aclr_a" = "UNUSED"
    Info (12134): Parameter "address_aclr_b" = "NONE"
    Info (12134): Parameter "address_reg_b" = "CLOCK1"
    Info (12134): Parameter "byte_size" = "8"
    Info (12134): Parameter "byteena_aclr_a" = "UNUSED"
    Info (12134): Parameter "byteena_aclr_b" = "NONE"
    Info (12134): Parameter "byteena_reg_b" = "CLOCK1"
    Info (12134): Parameter "clock_enable_core_a" = "USE_INPUT_CLKEN"
    Info (12134): Parameter "clock_enable_core_b" = "USE_INPUT_CLKEN"
    Info (12134): Parameter "clock_enable_input_a" = "BYPASS"
    Info (12134): Parameter "clock_enable_input_b" = "NORMAL"
    Info (12134): Parameter "clock_enable_output_a" = "BYPASS"
    Info (12134): Parameter "clock_enable_output_b" = "NORMAL"
    Info (12134): Parameter "intended_device_family" = "Cyclone V"
    Info (12134): Parameter "ecc_pipeline_stage_enabled" = "FALSE"
    Info (12134): Parameter "enable_ecc" = "FALSE"
    Info (12134): Parameter "implement_in_les" = "OFF"
    Info (12134): Parameter "indata_aclr_a" = "UNUSED"
    Info (12134): Parameter "indata_aclr_b" = "NONE"
    Info (12134): Parameter "indata_reg_b" = "CLOCK1"
    Info (12134): Parameter "init_file" = "UNUSED"
    Info (12134): Parameter "init_file_layout" = "PORT_A"
    Info (12134): Parameter "maximum_depth" = "0"
    Info (12134): Parameter "numwords_a" = "32"
    Info (12134): Parameter "numwords_b" = "0"
    Info (12134): Parameter "operation_mode" = "SINGLE_PORT"
    Info (12134): Parameter "outdata_aclr_a" = "NONE"
    Info (12134): Parameter "outdata_aclr_b" = "NONE"
    Info (12134): Parameter "outdata_reg_a" = "UNREGISTERED"
    Info (12134): Parameter "outdata_reg_b" = "UNREGISTERED"
    Info (12134): Parameter "power_up_uninitialized" = "FALSE"
    Info (12134): Parameter "ram_block_type" = "AUTO"
    Info (12134): Parameter "rdcontrol_aclr_b" = "NONE"
    Info (12134): Parameter "rdcontrol_reg_b" = "CLOCK1"
    Info (12134): Parameter "read_during_write_mode_mixed_ports" = "DONT_CARE"
    Info (12134): Parameter "read_during_write_mode_port_a" = "NEW_DATA_NO_NBE_READ"
    Info (12134): Parameter "read_during_write_mode_port_b" = "NEW_DATA_NO_NBE_READ"
    Info (12134): Parameter "stratixiv_m144k_allow_dual_clocks" = "ON"
    Info (12134): Parameter "width_a" = "32"
    Info (12134): Parameter "width_b" = "1"
    Info (12134): Parameter "width_byteena_a" = "1"
    Info (12134): Parameter "width_byteena_b" = "1"
    Info (12134): Parameter "width_eccstatus" = "3"
    Info (12134): Parameter "widthad_a" = "5"
    Info (12134): Parameter "widthad_b" = "1"
    Info (12134): Parameter "wrcontrol_aclr_a" = "UNUSED"
    Info (12134): Parameter "wrcontrol_aclr_b" = "NONE"
    Info (12134): Parameter "wrcontrol_wraddress_reg_b" = "CLOCK1"
    Info (12134): Parameter "lpm_hint" = "ENABLE_RUNTIME_MOD=NO"
    Info (12134): Parameter "lpm_type" = "altsyncram"
Info (12021): Found 1 design units, including 1 entities, in source file db/altsyncram_2504.tdf
    Info (12023): Found entity 1: altsyncram_2504
Info (12128): Elaborating entity "altsyncram_2504" for hierarchy "data_memory_module:DATAMEMM|altsyncram:altsyncram_component|altsyncram_2504:auto_generated"
Info (12128): Elaborating entity "ROM1PORT" for hierarchy "ROM1PORT:PCREGDATA"
Info (12128): Elaborating entity "altsyncram" for hierarchy "ROM1PORT:PCREGDATA|altsyncram:altsyncram_component"
Info (12130): Elaborated megafunction instantiation "ROM1PORT:PCREGDATA|altsyncram:altsyncram_component"
Info (12133): Instantiated megafunction "ROM1PORT:PCREGDATA|altsyncram:altsyncram_component" with the following parameter:
    Info (12134): Parameter "address_aclr_a" = "NONE"
    Info (12134): Parameter "address_aclr_b" = "NONE"
    Info (12134): Parameter "address_reg_b" = "CLOCK1"
    Info (12134): Parameter "byte_size" = "8"
    Info (12134): Parameter "byteena_aclr_a" = "UNUSED"
    Info (12134): Parameter "byteena_aclr_b" = "NONE"
    Info (12134): Parameter "byteena_reg_b" = "CLOCK1"
    Info (12134): Parameter "clock_enable_core_a" = "USE_INPUT_CLKEN"
    Info (12134): Parameter "clock_enable_core_b" = "USE_INPUT_CLKEN"
    Info (12134): Parameter "clock_enable_input_a" = "BYPASS"
    Info (12134): Parameter "clock_enable_input_b" = "NORMAL"
    Info (12134): Parameter "clock_enable_output_a" = "BYPASS"
    Info (12134): Parameter "clock_enable_output_b" = "NORMAL"
    Info (12134): Parameter "intended_device_family" = "Cyclone V"
    Info (12134): Parameter "ecc_pipeline_stage_enabled" = "FALSE"
    Info (12134): Parameter "enable_ecc" = "FALSE"
    Info (12134): Parameter "implement_in_les" = "OFF"
    Info (12134): Parameter "indata_aclr_a" = "UNUSED"
    Info (12134): Parameter "indata_aclr_b" = "NONE"
    Info (12134): Parameter "indata_reg_b" = "CLOCK1"
    Info (12134): Parameter "init_file" = "PCReg.mif"
    Info (12134): Parameter "init_file_layout" = "PORT_A"
    Info (12134): Parameter "maximum_depth" = "0"
    Info (12134): Parameter "numwords_a" = "64"
    Info (12134): Parameter "numwords_b" = "0"
    Info (12134): Parameter "operation_mode" = "ROM"
    Info (12134): Parameter "outdata_aclr_a" = "NONE"
    Info (12134): Parameter "outdata_aclr_b" = "NONE"
    Info (12134): Parameter "outdata_reg_a" = "UNREGISTERED"
    Info (12134): Parameter "outdata_reg_b" = "UNREGISTERED"
    Info (12134): Parameter "power_up_uninitialized" = "FALSE"
    Info (12134): Parameter "ram_block_type" = "AUTO"
    Info (12134): Parameter "rdcontrol_aclr_b" = "NONE"
    Info (12134): Parameter "rdcontrol_reg_b" = "CLOCK1"
    Info (12134): Parameter "read_during_write_mode_mixed_ports" = "DONT_CARE"
    Info (12134): Parameter "read_during_write_mode_port_a" = "NEW_DATA_NO_NBE_READ"
    Info (12134): Parameter "read_during_write_mode_port_b" = "NEW_DATA_NO_NBE_READ"
    Info (12134): Parameter "stratixiv_m144k_allow_dual_clocks" = "ON"
    Info (12134): Parameter "width_a" = "32"
    Info (12134): Parameter "width_b" = "1"
    Info (12134): Parameter "width_byteena_a" = "1"
    Info (12134): Parameter "width_byteena_b" = "1"
    Info (12134): Parameter "width_eccstatus" = "3"
    Info (12134): Parameter "widthad_a" = "6"
    Info (12134): Parameter "widthad_b" = "1"
    Info (12134): Parameter "wrcontrol_aclr_a" = "UNUSED"
    Info (12134): Parameter "wrcontrol_aclr_b" = "NONE"
    Info (12134): Parameter "wrcontrol_wraddress_reg_b" = "CLOCK1"
    Info (12134): Parameter "lpm_hint" = "ENABLE_RUNTIME_MOD=NO"
    Info (12134): Parameter "lpm_type" = "altsyncram"
Info (12021): Found 1 design units, including 1 entities, in source file db/altsyncram_1024.tdf
    Info (12023): Found entity 1: altsyncram_1024
Info (12128): Elaborating entity "altsyncram_1024" for hierarchy "ROM1PORT:PCREGDATA|altsyncram:altsyncram_component|altsyncram_1024:auto_generated"
Info (286030): Timing-Driven Synthesis is running
Info (16010): Generating hard_block partition "hard_block:auto_generated_inst"
    Info (16011): Adding 0 node(s), including 0 DDIO, 0 PLL, 0 transceiver and 0 LCELL
Info (21057): Implemented 2840 device resources after synthesis - the final resource count might be different
    Info (21058): Implemented 19 input pins
    Info (21059): Implemented 191 output pins
    Info (21061): Implemented 2566 logic cells
    Info (21064): Implemented 64 RAM segments
Info: Quartus II 64-Bit Analysis & Synthesis was successful. 0 errors, 2 warnings
    Info: Peak virtual memory: 820 megabytes
    Info: Processing ended: Sun May 07 12:42:07 2017
    Info: Elapsed time: 00:00:25
    Info: Total CPU time (on all processors): 00:00:43


