Flow report for Lab_8
Fri Apr 07 13:07:20 2017
Quartus Prime Version 16.1.0 Build 196 10/24/2016 SJ Lite Edition


---------------------
; Table of Contents ;
---------------------
  1. Legal Notice
  2. Flow Summary
  3. Flow Settings
  4. Flow Non-Default Global Settings
  5. Flow Elapsed Time
  6. Flow OS Summary
  7. Flow Log
  8. Flow Messages
  9. Flow Suppressed Messages



----------------
; Legal Notice ;
----------------
Copyright (C) 2016  Intel Corporation. All rights reserved.
Your use of Intel Corporation's design tools, logic functions 
and other software and tools, and its AMPP partner logic 
functions, and any output files from any of the foregoing 
(including device programming or simulation files), and any 
associated documentation or information are expressly subject 
to the terms and conditions of the Intel Program License 
Subscription Agreement, the Intel Quartus Prime License Agreement,
the Intel MegaCore Function License Agreement, or other 
applicable license agreement, including, without limitation, 
that your use is for the sole purpose of programming logic 
devices manufactured by Intel and sold by Intel or its 
authorized distributors.  Please refer to the applicable 
agreement for further details.



+-------------------------------------------------------------------------------+
; Flow Summary                                                                  ;
+---------------------------------+---------------------------------------------+
; Flow Status                     ; Successful - Fri Apr 07 13:07:20 2017       ;
; Quartus Prime Version           ; 16.1.0 Build 196 10/24/2016 SJ Lite Edition ;
; Revision Name                   ; Lab_8                                       ;
; Top-level Entity Name           ; Lab_8                                       ;
; Family                          ; Cyclone V                                   ;
; Device                          ; 5CGXFC7C7F23C8                              ;
; Timing Models                   ; Final                                       ;
; Logic utilization (in ALMs)     ; 1 / 56,480 ( < 1 % )                        ;
; Total registers                 ; 0                                           ;
; Total pins                      ; 48 / 268 ( 18 % )                           ;
; Total virtual pins              ; 0                                           ;
; Total block memory bits         ; 0 / 7,024,640 ( 0 % )                       ;
; Total DSP Blocks                ; 0 / 156 ( 0 % )                             ;
; Total HSSI RX PCSs              ; 0 / 6 ( 0 % )                               ;
; Total HSSI PMA RX Deserializers ; 0 / 6 ( 0 % )                               ;
; Total HSSI TX PCSs              ; 0 / 6 ( 0 % )                               ;
; Total HSSI PMA TX Serializers   ; 0 / 6 ( 0 % )                               ;
; Total PLLs                      ; 0 / 13 ( 0 % )                              ;
; Total DLLs                      ; 0 / 4 ( 0 % )                               ;
+---------------------------------+---------------------------------------------+


+-----------------------------------------+
; Flow Settings                           ;
+-------------------+---------------------+
; Option            ; Setting             ;
+-------------------+---------------------+
; Start date & time ; 04/07/2017 12:55:06 ;
; Main task         ; Compilation         ;
; Revision Name     ; Lab_8               ;
+-------------------+---------------------+


+-------------------------------------------------------------------------------------------------------------------------+
; Flow Non-Default Global Settings                                                                                        ;
+-------------------------------------+----------------------------------------+---------------+-------------+------------+
; Assignment Name                     ; Value                                  ; Default Value ; Entity Name ; Section Id ;
+-------------------------------------+----------------------------------------+---------------+-------------+------------+
; COMPILER_SIGNATURE_ID               ; 167690709057788.149158410532680        ; --            ; --          ; --         ;
; MAX_CORE_JUNCTION_TEMP              ; 85                                     ; --            ; --          ; --         ;
; MIN_CORE_JUNCTION_TEMP              ; 0                                      ; --            ; --          ; --         ;
; MISC_FILE                           ; Data_memory.cmp                        ; --            ; --          ; --         ;
; PARTITION_COLOR                     ; -- (Not supported for targeted family) ; --            ; --          ; Top        ;
; PARTITION_FITTER_PRESERVATION_LEVEL ; -- (Not supported for targeted family) ; --            ; --          ; Top        ;
; PARTITION_NETLIST_TYPE              ; -- (Not supported for targeted family) ; --            ; --          ; Top        ;
; POWER_BOARD_THERMAL_MODEL           ; None (CONSERVATIVE)                    ; --            ; --          ; --         ;
; POWER_PRESET_COOLING_SOLUTION       ; 23 MM HEAT SINK WITH 200 LFPM AIRFLOW  ; --            ; --          ; --         ;
; PROJECT_OUTPUT_DIRECTORY            ; output_files                           ; --            ; --          ; --         ;
+-------------------------------------+----------------------------------------+---------------+-------------+------------+


+-------------------------------------------------------------------------------------------------------------------------------+
; Flow Elapsed Time                                                                                                             ;
+---------------------------+--------------+-------------------------+---------------------+------------------------------------+
; Module Name               ; Elapsed Time ; Average Processors Used ; Peak Virtual Memory ; Total CPU Time (on all processors) ;
+---------------------------+--------------+-------------------------+---------------------+------------------------------------+
; Analysis & Synthesis      ; 00:00:17     ; 1.0                     ; 743 MB              ; 00:00:34                           ;
; Fitter                    ; 00:00:58     ; 1.0                     ; 2255 MB             ; 00:01:20                           ;
; Assembler                 ; 00:00:12     ; 1.0                     ; 715 MB              ; 00:00:10                           ;
; TimeQuest Timing Analyzer ; 00:00:08     ; 1.0                     ; 997 MB              ; 00:00:07                           ;
; EDA Netlist Writer        ; 00:00:01     ; 1.0                     ; 599 MB              ; 00:00:01                           ;
; EDA Netlist Writer        ; 00:00:01     ; 1.0                     ; 607 MB              ; 00:00:01                           ;
; EDA Netlist Writer        ; 00:00:02     ; 1.0                     ; 599 MB              ; 00:00:01                           ;
; EDA Netlist Writer        ; 00:00:01     ; 1.0                     ; 607 MB              ; 00:00:01                           ;
; EDA Netlist Writer        ; 00:00:01     ; 1.0                     ; 599 MB              ; 00:00:01                           ;
; EDA Netlist Writer        ; 00:00:01     ; 1.0                     ; 605 MB              ; 00:00:01                           ;
; Total                     ; 00:01:42     ; --                      ; --                  ; 00:02:17                           ;
+---------------------------+--------------+-------------------------+---------------------+------------------------------------+


+-----------------------------------------------------------------------------------------+
; Flow OS Summary                                                                         ;
+---------------------------+------------------+------------+------------+----------------+
; Module Name               ; Machine Hostname ; OS Name    ; OS Version ; Processor type ;
+---------------------------+------------------+------------+------------+----------------+
; Analysis & Synthesis      ; GlaDos           ; Windows 10 ; 10.0       ; x86_64         ;
; Fitter                    ; GlaDos           ; Windows 10 ; 10.0       ; x86_64         ;
; Assembler                 ; GlaDos           ; Windows 10 ; 10.0       ; x86_64         ;
; TimeQuest Timing Analyzer ; GlaDos           ; Windows 10 ; 10.0       ; x86_64         ;
; EDA Netlist Writer        ; GlaDos           ; Windows 10 ; 10.0       ; x86_64         ;
; EDA Netlist Writer        ; GlaDos           ; Windows 10 ; 10.0       ; x86_64         ;
; EDA Netlist Writer        ; GlaDos           ; Windows 10 ; 10.0       ; x86_64         ;
; EDA Netlist Writer        ; GlaDos           ; Windows 10 ; 10.0       ; x86_64         ;
; EDA Netlist Writer        ; GlaDos           ; Windows 10 ; 10.0       ; x86_64         ;
; EDA Netlist Writer        ; GlaDos           ; Windows 10 ; 10.0       ; x86_64         ;
+---------------------------+------------------+------------+------------+----------------+


------------
; Flow Log ;
------------
quartus_map --read_settings_files=on --write_settings_files=off Lab_8 -c Lab_8
quartus_fit --read_settings_files=off --write_settings_files=off Lab_8 -c Lab_8
quartus_asm --read_settings_files=off --write_settings_files=off Lab_8 -c Lab_8
quartus_sta Lab_8 -c Lab_8
quartus_eda --gen_testbench --tool=modelsim_oem --format=vhdl --write_settings_files=off Lab_8 -c Lab_8 --vector_source=C:/Users/DillonBritt/Documents/Lab_8/Waveform.vwf --testbench_file=C:/Users/DillonBritt/Documents/Lab_8/simulation/qsim/Waveform.vwf.vht
quartus_eda --write_settings_files=off --simulation=on --functional=on --flatten_buses=off --tool=modelsim_oem --format=vhdl --output_directory=C:/Users/DillonBritt/Documents/Lab_8/simulation/qsim/ Lab_8 -c Lab_8
quartus_eda --gen_testbench --tool=modelsim_oem --format=vhdl --write_settings_files=off Lab_8 -c Lab_8 --vector_source=C:/Users/DillonBritt/Documents/Lab_8/Waveform.vwf --testbench_file=C:/Users/DillonBritt/Documents/Lab_8/simulation/qsim/Waveform.vwf.vht
quartus_eda --write_settings_files=off --simulation=on --functional=on --flatten_buses=off --tool=modelsim_oem --format=vhdl --output_directory=C:/Users/DillonBritt/Documents/Lab_8/simulation/qsim/ Lab_8 -c Lab_8
quartus_eda --gen_testbench --tool=modelsim_oem --format=vhdl --write_settings_files=off Lab_8 -c Lab_8 --vector_source=C:/Users/DillonBritt/Documents/Lab_8/Waveform.vwf --testbench_file=C:/Users/DillonBritt/Documents/Lab_8/simulation/qsim/Waveform.vwf.vht
quartus_eda --write_settings_files=off --simulation=on --functional=on --flatten_buses=off --tool=modelsim_oem --format=vhdl --output_directory=C:/Users/DillonBritt/Documents/Lab_8/simulation/qsim/ Lab_8 -c Lab_8



