Flow report for LAB2
Thu Jan 19 15:28:54 2017
Quartus II 64-Bit Version 15.0.0 Build 145 04/22/2015 SJ Web Edition


---------------------
; Table of Contents ;
---------------------
  1. Legal Notice
  2. Flow Summary
  3. Flow Settings
  4. Flow Non-Default Global Settings
  5. Flow Elapsed Time
  6. Flow OS Summary
  7. Flow Log
  8. Flow Messages
  9. Flow Suppressed Messages



----------------
; Legal Notice ;
----------------
Copyright (C) 1991-2015 Altera Corporation. All rights reserved.
Your use of Altera Corporation's design tools, logic functions 
and other software and tools, and its AMPP partner logic 
functions, and any output files from any of the foregoing 
(including device programming or simulation files), and any 
associated documentation or information are expressly subject 
to the terms and conditions of the Altera Program License 
Subscription Agreement, the Altera Quartus II License Agreement,
the Altera MegaCore Function License Agreement, or other 
applicable license agreement, including, without limitation, 
that your use is for the sole purpose of programming logic 
devices manufactured by Altera and sold by Altera or its 
authorized distributors.  Please refer to the applicable 
agreement for further details.



+------------------------------------------------------------------------------+
; Flow Summary                                                                 ;
+---------------------------------+--------------------------------------------+
; Flow Status                     ; Successful - Thu Jan 19 15:28:54 2017      ;
; Quartus II 64-Bit Version       ; 15.0.0 Build 145 04/22/2015 SJ Web Edition ;
; Revision Name                   ; LAB2                                       ;
; Top-level Entity Name           ; LAB2                                       ;
; Family                          ; Cyclone V                                  ;
; Device                          ; 5CGXFC7C7F23C8                             ;
; Timing Models                   ; Final                                      ;
; Logic utilization (in ALMs)     ; 5 / 56,480 ( < 1 % )                       ;
; Total registers                 ; 9                                          ;
; Total pins                      ; 10 / 268 ( 4 % )                           ;
; Total virtual pins              ; 0                                          ;
; Total block memory bits         ; 0 / 7,024,640 ( 0 % )                      ;
; Total DSP Blocks                ; 0 / 156 ( 0 % )                            ;
; Total HSSI RX PCSs              ; 0 / 6 ( 0 % )                              ;
; Total HSSI PMA RX Deserializers ; 0 / 6 ( 0 % )                              ;
; Total HSSI TX PCSs              ; 0 / 6 ( 0 % )                              ;
; Total HSSI PMA TX Serializers   ; 0 / 6 ( 0 % )                              ;
; Total PLLs                      ; 0 / 13 ( 0 % )                             ;
; Total DLLs                      ; 0 / 4 ( 0 % )                              ;
+---------------------------------+--------------------------------------------+


+-----------------------------------------+
; Flow Settings                           ;
+-------------------+---------------------+
; Option            ; Setting             ;
+-------------------+---------------------+
; Start date & time ; 01/19/2017 15:18:53 ;
; Main task         ; Compilation         ;
; Revision Name     ; LAB2                ;
+-------------------+---------------------+


+----------------------------------------------------------------------------------------------------------------------+
; Flow Non-Default Global Settings                                                                                     ;
+-------------------------------------+---------------------------------+---------------+-------------+----------------+
; Assignment Name                     ; Value                           ; Default Value ; Entity Name ; Section Id     ;
+-------------------------------------+---------------------------------+---------------+-------------+----------------+
; COMPILER_SIGNATURE_ID               ; 149885693361803.148485713304140 ; --            ; --          ; --             ;
; EDA_OUTPUT_DATA_FORMAT              ; Vhdl                            ; --            ; --          ; eda_simulation ;
; EDA_SIMULATION_TOOL                 ; ModelSim-Altera (VHDL)          ; <None>        ; --          ; --             ;
; MAX_CORE_JUNCTION_TEMP              ; 85                              ; --            ; --          ; --             ;
; MIN_CORE_JUNCTION_TEMP              ; 0                               ; --            ; --          ; --             ;
; PARTITION_COLOR                     ; 16764057                        ; --            ; --          ; Top            ;
; PARTITION_FITTER_PRESERVATION_LEVEL ; PLACEMENT_AND_ROUTING           ; --            ; --          ; Top            ;
; PARTITION_NETLIST_TYPE              ; SOURCE                          ; --            ; --          ; Top            ;
; PROJECT_OUTPUT_DIRECTORY            ; output_files                    ; --            ; --          ; --             ;
+-------------------------------------+---------------------------------+---------------+-------------+----------------+


+-------------------------------------------------------------------------------------------------------------------------------+
; Flow Elapsed Time                                                                                                             ;
+---------------------------+--------------+-------------------------+---------------------+------------------------------------+
; Module Name               ; Elapsed Time ; Average Processors Used ; Peak Virtual Memory ; Total CPU Time (on all processors) ;
+---------------------------+--------------+-------------------------+---------------------+------------------------------------+
; Analysis & Synthesis      ; 00:00:11     ; 1.0                     ; 781 MB              ; 00:00:25                           ;
; Fitter                    ; 00:00:44     ; 1.0                     ; 2089 MB             ; 00:00:43                           ;
; Assembler                 ; 00:00:13     ; 1.0                     ; 755 MB              ; 00:00:11                           ;
; TimeQuest Timing Analyzer ; 00:00:07     ; 1.0                     ; 1040 MB             ; 00:00:06                           ;
; EDA Netlist Writer        ; 00:00:01     ; 1.0                     ; 665 MB              ; 00:00:01                           ;
; EDA Netlist Writer        ; 00:00:01     ; 1.0                     ; 651 MB              ; 00:00:01                           ;
; EDA Netlist Writer        ; 00:00:02     ; 1.0                     ; 666 MB              ; 00:00:01                           ;
; EDA Netlist Writer        ; 00:00:01     ; 1.0                     ; 651 MB              ; 00:00:01                           ;
; EDA Netlist Writer        ; 00:00:01     ; 1.0                     ; 666 MB              ; 00:00:01                           ;
; EDA Netlist Writer        ; 00:00:01     ; 1.0                     ; 651 MB              ; 00:00:01                           ;
; EDA Netlist Writer        ; 00:00:01     ; 1.0                     ; 666 MB              ; 00:00:01                           ;
; Total                     ; 00:01:23     ; --                      ; --                  ; 00:01:32                           ;
+---------------------------+--------------+-------------------------+---------------------+------------------------------------+


+----------------------------------------------------------------------------------------+
; Flow OS Summary                                                                        ;
+---------------------------+------------------+-----------+------------+----------------+
; Module Name               ; Machine Hostname ; OS Name   ; OS Version ; Processor type ;
+---------------------------+------------------+-----------+------------+----------------+
; Analysis & Synthesis      ; LAB-HP-48        ; Windows 7 ; 6.2        ; x86_64         ;
; Fitter                    ; LAB-HP-48        ; Windows 7 ; 6.2        ; x86_64         ;
; Assembler                 ; LAB-HP-48        ; Windows 7 ; 6.2        ; x86_64         ;
; TimeQuest Timing Analyzer ; LAB-HP-48        ; Windows 7 ; 6.2        ; x86_64         ;
; EDA Netlist Writer        ; LAB-HP-48        ; Windows 7 ; 6.2        ; x86_64         ;
; EDA Netlist Writer        ; LAB-HP-48        ; Windows 7 ; 6.2        ; x86_64         ;
; EDA Netlist Writer        ; LAB-HP-48        ; Windows 7 ; 6.2        ; x86_64         ;
; EDA Netlist Writer        ; LAB-HP-48        ; Windows 7 ; 6.2        ; x86_64         ;
; EDA Netlist Writer        ; LAB-HP-48        ; Windows 7 ; 6.2        ; x86_64         ;
; EDA Netlist Writer        ; LAB-HP-48        ; Windows 7 ; 6.2        ; x86_64         ;
; EDA Netlist Writer        ; LAB-HP-48        ; Windows 7 ; 6.2        ; x86_64         ;
+---------------------------+------------------+-----------+------------+----------------+


------------
; Flow Log ;
------------
quartus_map --read_settings_files=on --write_settings_files=off LAB2 -c LAB2
quartus_fit --read_settings_files=off --write_settings_files=off LAB2 -c LAB2
quartus_asm --read_settings_files=off --write_settings_files=off LAB2 -c LAB2
quartus_sta LAB2 -c LAB2
quartus_eda --read_settings_files=off --write_settings_files=off LAB2 -c LAB2
quartus_eda --gen_testbench --check_outputs=on --tool=modelsim_oem --format=verilog --write_settings_files=off LAB2 -c LAB2 --vector_source=C:/Users/dillonbritt/Desktop/LAB2/Waveform.vwf --testbench_file=C:/Users/dillonbritt/Desktop/LAB2/simulation/qsim/Waveform.vwf.vt
quartus_eda --write_settings_files=off --functional=off --flatten_buses=off --timescale=1ps --simulation=on --tool=modelsim_oem --format=verilog --output_directory=C:/Users/dillonbritt/Desktop/LAB2/simulation/qsim/ LAB2 -c LAB2
quartus_eda --gen_testbench --check_outputs=on --tool=modelsim_oem --format=verilog --write_settings_files=off LAB2 -c LAB2 --vector_source=C:/Users/dillonbritt/Desktop/LAB2/Waveform.vwf --testbench_file=C:/Users/dillonbritt/Desktop/LAB2/simulation/qsim/Waveform.vwf.vt
quartus_eda --write_settings_files=off --functional=off --flatten_buses=off --timescale=1ps --simulation=on --tool=modelsim_oem --format=verilog --output_directory=C:/Users/dillonbritt/Desktop/LAB2/simulation/qsim/ LAB2 -c LAB2
quartus_eda --gen_testbench --check_outputs=on --tool=modelsim_oem --format=verilog --write_settings_files=off LAB2 -c LAB2 --vector_source=C:/Users/dillonbritt/Desktop/LAB2/Waveform.vwf --testbench_file=C:/Users/dillonbritt/Desktop/LAB2/simulation/qsim/Waveform.vwf.vt
quartus_eda --write_settings_files=off --functional=off --flatten_buses=off --timescale=1ps --simulation=on --tool=modelsim_oem --format=verilog --output_directory=C:/Users/dillonbritt/Desktop/LAB2/simulation/qsim/ LAB2 -c LAB2



