Flow report for signExtImm
Thu Apr 13 14:19:32 2017
Quartus II 64-Bit Version 15.0.0 Build 145 04/22/2015 SJ Web Edition


---------------------
; Table of Contents ;
---------------------
  1. Legal Notice
  2. Flow Summary
  3. Flow Settings
  4. Flow Non-Default Global Settings
  5. Flow Elapsed Time
  6. Flow OS Summary
  7. Flow Log
  8. Flow Messages
  9. Flow Suppressed Messages



----------------
; Legal Notice ;
----------------
Copyright (C) 1991-2015 Altera Corporation. All rights reserved.
Your use of Altera Corporation's design tools, logic functions 
and other software and tools, and its AMPP partner logic 
functions, and any output files from any of the foregoing 
(including device programming or simulation files), and any 
associated documentation or information are expressly subject 
to the terms and conditions of the Altera Program License 
Subscription Agreement, the Altera Quartus II License Agreement,
the Altera MegaCore Function License Agreement, or other 
applicable license agreement, including, without limitation, 
that your use is for the sole purpose of programming logic 
devices manufactured by Altera and sold by Altera or its 
authorized distributors.  Please refer to the applicable 
agreement for further details.



+------------------------------------------------------------------------------+
; Flow Summary                                                                 ;
+---------------------------------+--------------------------------------------+
; Flow Status                     ; Successful - Thu Apr 13 14:19:32 2017      ;
; Quartus II 64-Bit Version       ; 15.0.0 Build 145 04/22/2015 SJ Web Edition ;
; Revision Name                   ; signExtImm                                 ;
; Top-level Entity Name           ; signExtImm                                 ;
; Family                          ; Cyclone V                                  ;
; Device                          ; 5CEBA4F23C7                                ;
; Timing Models                   ; Final                                      ;
; Logic utilization (in ALMs)     ; 1 / 18,480 ( < 1 % )                       ;
; Total registers                 ; 0                                          ;
; Total pins                      ; 48 / 224 ( 21 % )                          ;
; Total virtual pins              ; 0                                          ;
; Total block memory bits         ; 0 / 3,153,920 ( 0 % )                      ;
; Total DSP Blocks                ; 0 / 66 ( 0 % )                             ;
; Total HSSI RX PCSs              ; 0                                          ;
; Total HSSI PMA RX Deserializers ; 0                                          ;
; Total HSSI TX PCSs              ; 0                                          ;
; Total HSSI PMA TX Serializers   ; 0                                          ;
; Total PLLs                      ; 0 / 4 ( 0 % )                              ;
; Total DLLs                      ; 0 / 4 ( 0 % )                              ;
+---------------------------------+--------------------------------------------+


+-----------------------------------------+
; Flow Settings                           ;
+-------------------+---------------------+
; Option            ; Setting             ;
+-------------------+---------------------+
; Start date & time ; 04/13/2017 14:18:26 ;
; Main task         ; Compilation         ;
; Revision Name     ; signExtImm          ;
+-------------------+---------------------+


+----------------------------------------------------------------------------------------------------------------------+
; Flow Non-Default Global Settings                                                                                     ;
+-------------------------------------+---------------------------------+---------------+-------------+----------------+
; Assignment Name                     ; Value                           ; Default Value ; Entity Name ; Section Id     ;
+-------------------------------------+---------------------------------+---------------+-------------+----------------+
; COMPILER_SIGNATURE_ID               ; 233963777102489.149210750606812 ; --            ; --          ; --             ;
; EDA_OUTPUT_DATA_FORMAT              ; Vhdl                            ; --            ; --          ; eda_simulation ;
; EDA_SIMULATION_TOOL                 ; ModelSim-Altera (VHDL)          ; <None>        ; --          ; --             ;
; MAX_CORE_JUNCTION_TEMP              ; 85                              ; --            ; --          ; --             ;
; MIN_CORE_JUNCTION_TEMP              ; 0                               ; --            ; --          ; --             ;
; PARTITION_COLOR                     ; 16764057                        ; --            ; --          ; Top            ;
; PARTITION_FITTER_PRESERVATION_LEVEL ; PLACEMENT_AND_ROUTING           ; --            ; --          ; Top            ;
; PARTITION_NETLIST_TYPE              ; SOURCE                          ; --            ; --          ; Top            ;
; PROJECT_OUTPUT_DIRECTORY            ; output_files                    ; --            ; --          ; --             ;
+-------------------------------------+---------------------------------+---------------+-------------+----------------+


+-------------------------------------------------------------------------------------------------------------------------------+
; Flow Elapsed Time                                                                                                             ;
+---------------------------+--------------+-------------------------+---------------------+------------------------------------+
; Module Name               ; Elapsed Time ; Average Processors Used ; Peak Virtual Memory ; Total CPU Time (on all processors) ;
+---------------------------+--------------+-------------------------+---------------------+------------------------------------+
; Analysis & Synthesis      ; 00:00:11     ; 1.0                     ; 786 MB              ; 00:00:24                           ;
; Fitter                    ; 00:00:25     ; 1.0                     ; 1689 MB             ; 00:00:22                           ;
; Assembler                 ; 00:00:07     ; 1.0                     ; 742 MB              ; 00:00:05                           ;
; TimeQuest Timing Analyzer ; 00:00:09     ; 1.0                     ; 938 MB              ; 00:00:06                           ;
; EDA Netlist Writer        ; 00:00:02     ; 1.0                     ; 662 MB              ; 00:00:01                           ;
; Total                     ; 00:00:54     ; --                      ; --                  ; 00:00:58                           ;
+---------------------------+--------------+-------------------------+---------------------+------------------------------------+


+----------------------------------------------------------------------------------------+
; Flow OS Summary                                                                        ;
+---------------------------+------------------+-----------+------------+----------------+
; Module Name               ; Machine Hostname ; OS Name   ; OS Version ; Processor type ;
+---------------------------+------------------+-----------+------------+----------------+
; Analysis & Synthesis      ; LAB-HP-43        ; Windows 7 ; 6.2        ; x86_64         ;
; Fitter                    ; LAB-HP-43        ; Windows 7 ; 6.2        ; x86_64         ;
; Assembler                 ; LAB-HP-43        ; Windows 7 ; 6.2        ; x86_64         ;
; TimeQuest Timing Analyzer ; LAB-HP-43        ; Windows 7 ; 6.2        ; x86_64         ;
; EDA Netlist Writer        ; LAB-HP-43        ; Windows 7 ; 6.2        ; x86_64         ;
+---------------------------+------------------+-----------+------------+----------------+


------------
; Flow Log ;
------------
quartus_map --read_settings_files=on --write_settings_files=off signExtImm -c signExtImm
quartus_fit --read_settings_files=off --write_settings_files=off signExtImm -c signExtImm
quartus_asm --read_settings_files=off --write_settings_files=off signExtImm -c signExtImm
quartus_sta signExtImm -c signExtImm
quartus_eda --read_settings_files=off --write_settings_files=off signExtImm -c signExtImm



