Analysis & Synthesis report for Counter
Thu Apr 06 13:37:34 2017
Quartus Prime Version 16.1.0 Build 196 10/24/2016 SJ Lite Edition


---------------------
; Table of Contents ;
---------------------
  1. Legal Notice
  2. Analysis & Synthesis Summary
  3. Analysis & Synthesis Settings
  4. Parallel Compilation
  5. Analysis & Synthesis Source Files Read
  6. Analysis & Synthesis Resource Usage Summary
  7. Analysis & Synthesis Resource Utilization by Entity
  8. User-Specified and Inferred Latches
  9. General Register Statistics
 10. Multiplexer Restructuring Statistics (Restructuring Performed)
 11. Post-Synthesis Netlist Statistics for Top Partition
 12. Elapsed Time Per Partition
 13. Analysis & Synthesis Messages



----------------
; Legal Notice ;
----------------
Copyright (C) 2016  Intel Corporation. All rights reserved.
Your use of Intel Corporation's design tools, logic functions 
and other software and tools, and its AMPP partner logic 
functions, and any output files from any of the foregoing 
(including device programming or simulation files), and any 
associated documentation or information are expressly subject 
to the terms and conditions of the Intel Program License 
Subscription Agreement, the Intel Quartus Prime License Agreement,
the Intel MegaCore Function License Agreement, or other 
applicable license agreement, including, without limitation, 
that your use is for the sole purpose of programming logic 
devices manufactured by Intel and sold by Intel or its 
authorized distributors.  Please refer to the applicable 
agreement for further details.



+-------------------------------------------------------------------------------+
; Analysis & Synthesis Summary                                                  ;
+---------------------------------+---------------------------------------------+
; Analysis & Synthesis Status     ; Successful - Thu Apr 06 13:37:34 2017       ;
; Quartus Prime Version           ; 16.1.0 Build 196 10/24/2016 SJ Lite Edition ;
; Revision Name                   ; Counter                                     ;
; Top-level Entity Name           ; mips_alu                                    ;
; Family                          ; Cyclone V                                   ;
; Logic utilization (in ALMs)     ; N/A                                         ;
; Total registers                 ; 0                                           ;
; Total pins                      ; 106                                         ;
; Total virtual pins              ; 0                                           ;
; Total block memory bits         ; 0                                           ;
; Total DSP Blocks                ; 0                                           ;
; Total HSSI RX PCSs              ; 0                                           ;
; Total HSSI PMA RX Deserializers ; 0                                           ;
; Total HSSI TX PCSs              ; 0                                           ;
; Total HSSI PMA TX Serializers   ; 0                                           ;
; Total PLLs                      ; 0                                           ;
; Total DLLs                      ; 0                                           ;
+---------------------------------+---------------------------------------------+


+---------------------------------------------------------------------------------------------------------------------------+
; Analysis & Synthesis Settings                                                                                             ;
+---------------------------------------------------------------------------------+--------------------+--------------------+
; Option                                                                          ; Setting            ; Default Value      ;
+---------------------------------------------------------------------------------+--------------------+--------------------+
; Device                                                                          ; 5CGXFC7C7F23C8     ;                    ;
; Top-level entity name                                                           ; mips_alu           ; Counter            ;
; Family name                                                                     ; Cyclone V          ; Cyclone V          ;
; Use smart compilation                                                           ; Off                ; Off                ;
; Enable parallel Assembler and TimeQuest Timing Analyzer during compilation      ; On                 ; On                 ;
; Enable compact report table                                                     ; Off                ; Off                ;
; Restructure Multiplexers                                                        ; Auto               ; Auto               ;
; MLAB Add Timing Constraints For Mixed-Port Feed-Through Mode Setting Don't Care ; Off                ; Off                ;
; Create Debugging Nodes for IP Cores                                             ; Off                ; Off                ;
; Preserve fewer node names                                                       ; On                 ; On                 ;
; OpenCore Plus hardware evaluation                                               ; Enable             ; Enable             ;
; Verilog Version                                                                 ; Verilog_2001       ; Verilog_2001       ;
; VHDL Version                                                                    ; VHDL_1993          ; VHDL_1993          ;
; State Machine Processing                                                        ; Auto               ; Auto               ;
; Safe State Machine                                                              ; Off                ; Off                ;
; Extract Verilog State Machines                                                  ; On                 ; On                 ;
; Extract VHDL State Machines                                                     ; On                 ; On                 ;
; Ignore Verilog initial constructs                                               ; Off                ; Off                ;
; Iteration limit for constant Verilog loops                                      ; 5000               ; 5000               ;
; Iteration limit for non-constant Verilog loops                                  ; 250                ; 250                ;
; Add Pass-Through Logic to Inferred RAMs                                         ; On                 ; On                 ;
; Infer RAMs from Raw Logic                                                       ; On                 ; On                 ;
; Parallel Synthesis                                                              ; On                 ; On                 ;
; DSP Block Balancing                                                             ; Auto               ; Auto               ;
; NOT Gate Push-Back                                                              ; On                 ; On                 ;
; Power-Up Don't Care                                                             ; On                 ; On                 ;
; Remove Redundant Logic Cells                                                    ; Off                ; Off                ;
; Remove Duplicate Registers                                                      ; On                 ; On                 ;
; Ignore CARRY Buffers                                                            ; Off                ; Off                ;
; Ignore CASCADE Buffers                                                          ; Off                ; Off                ;
; Ignore GLOBAL Buffers                                                           ; Off                ; Off                ;
; Ignore ROW GLOBAL Buffers                                                       ; Off                ; Off                ;
; Ignore LCELL Buffers                                                            ; Off                ; Off                ;
; Ignore SOFT Buffers                                                             ; On                 ; On                 ;
; Limit AHDL Integers to 32 Bits                                                  ; Off                ; Off                ;
; Optimization Technique                                                          ; Balanced           ; Balanced           ;
; Carry Chain Length                                                              ; 70                 ; 70                 ;
; Auto Carry Chains                                                               ; On                 ; On                 ;
; Auto Open-Drain Pins                                                            ; On                 ; On                 ;
; Perform WYSIWYG Primitive Resynthesis                                           ; Off                ; Off                ;
; Auto ROM Replacement                                                            ; On                 ; On                 ;
; Auto RAM Replacement                                                            ; On                 ; On                 ;
; Auto DSP Block Replacement                                                      ; On                 ; On                 ;
; Auto Shift Register Replacement                                                 ; Auto               ; Auto               ;
; Allow Shift Register Merging across Hierarchies                                 ; Auto               ; Auto               ;
; Auto Clock Enable Replacement                                                   ; On                 ; On                 ;
; Strict RAM Replacement                                                          ; Off                ; Off                ;
; Allow Synchronous Control Signals                                               ; On                 ; On                 ;
; Force Use of Synchronous Clear Signals                                          ; Off                ; Off                ;
; Auto Resource Sharing                                                           ; Off                ; Off                ;
; Allow Any RAM Size For Recognition                                              ; Off                ; Off                ;
; Allow Any ROM Size For Recognition                                              ; Off                ; Off                ;
; Allow Any Shift Register Size For Recognition                                   ; Off                ; Off                ;
; Use LogicLock Constraints during Resource Balancing                             ; On                 ; On                 ;
; Ignore translate_off and synthesis_off directives                               ; Off                ; Off                ;
; Timing-Driven Synthesis                                                         ; On                 ; On                 ;
; Report Parameter Settings                                                       ; On                 ; On                 ;
; Report Source Assignments                                                       ; On                 ; On                 ;
; Report Connectivity Checks                                                      ; On                 ; On                 ;
; Ignore Maximum Fan-Out Assignments                                              ; Off                ; Off                ;
; Synchronization Register Chain Length                                           ; 3                  ; 3                  ;
; PowerPlay Power Optimization During Synthesis                                   ; Normal compilation ; Normal compilation ;
; HDL message level                                                               ; Level2             ; Level2             ;
; Suppress Register Optimization Related Messages                                 ; Off                ; Off                ;
; Number of Removed Registers Reported in Synthesis Report                        ; 5000               ; 5000               ;
; Number of Swept Nodes Reported in Synthesis Report                              ; 5000               ; 5000               ;
; Number of Inverted Registers Reported in Synthesis Report                       ; 100                ; 100                ;
; Clock MUX Protection                                                            ; On                 ; On                 ;
; Auto Gated Clock Conversion                                                     ; Off                ; Off                ;
; Block Design Naming                                                             ; Auto               ; Auto               ;
; SDC constraint protection                                                       ; Off                ; Off                ;
; Synthesis Effort                                                                ; Auto               ; Auto               ;
; Shift Register Replacement - Allow Asynchronous Clear Signal                    ; On                 ; On                 ;
; Pre-Mapping Resynthesis Optimization                                            ; Off                ; Off                ;
; Analysis & Synthesis Message Level                                              ; Medium             ; Medium             ;
; Disable Register Merging Across Hierarchies                                     ; Auto               ; Auto               ;
; Resource Aware Inference For Block RAM                                          ; On                 ; On                 ;
; Automatic Parallel Synthesis                                                    ; On                 ; On                 ;
; Partial Reconfiguration Bitstream ID                                            ; Off                ; Off                ;
+---------------------------------------------------------------------------------+--------------------+--------------------+


+------------------------------------------+
; Parallel Compilation                     ;
+----------------------------+-------------+
; Processors                 ; Number      ;
+----------------------------+-------------+
; Number detected on machine ; 4           ;
; Maximum allowed            ; 2           ;
;                            ;             ;
; Average used               ; 1.00        ;
; Maximum used               ; 2           ;
;                            ;             ;
; Usage by Processor         ; % Time Used ;
;     Processor 1            ; 100.0%      ;
;     Processor 2            ;   0.0%      ;
+----------------------------+-------------+


+--------------------------------------------------------------------------------------------------------------------------------------------+
; Analysis & Synthesis Source Files Read                                                                                                     ;
+----------------------------------+-----------------+-----------------+-----------------------------------------------------------+---------+
; File Name with User-Entered Path ; Used in Netlist ; File Type       ; File Name with Absolute Path                              ; Library ;
+----------------------------------+-----------------+-----------------+-----------------------------------------------------------+---------+
; mips_alu.vhd                     ; yes             ; User VHDL File  ; C:/Users/DillonBritt/Documents/Counter_Lab_7/mips_alu.vhd ;         ;
+----------------------------------+-----------------+-----------------+-----------------------------------------------------------+---------+


+--------------------------------------------------------------+
; Analysis & Synthesis Resource Usage Summary                  ;
+---------------------------------------------+----------------+
; Resource                                    ; Usage          ;
+---------------------------------------------+----------------+
; Estimate of Logic utilization (ALMs needed) ; 335            ;
;                                             ;                ;
; Combinational ALUT usage for logic          ; 521            ;
;     -- 7 input functions                    ; 7              ;
;     -- 6 input functions                    ; 141            ;
;     -- 5 input functions                    ; 161            ;
;     -- 4 input functions                    ; 58             ;
;     -- <=3 input functions                  ; 154            ;
;                                             ;                ;
; Dedicated logic registers                   ; 0              ;
;                                             ;                ;
; I/O pins                                    ; 106            ;
;                                             ;                ;
; Total DSP Blocks                            ; 0              ;
;                                             ;                ;
; Maximum fan-out node                        ; shamt[4]~input ;
; Maximum fan-out                             ; 75             ;
; Total fan-out                               ; 2504           ;
; Average fan-out                             ; 3.42           ;
+---------------------------------------------+----------------+


+----------------------------------------------------------------------------------------------------------------------------------------------------------------------------------------+
; Analysis & Synthesis Resource Utilization by Entity                                                                                                                                    ;
+----------------------------+---------------------+---------------------------+-------------------+------------+------+--------------+---------------------+-------------+--------------+
; Compilation Hierarchy Node ; Combinational ALUTs ; Dedicated Logic Registers ; Block Memory Bits ; DSP Blocks ; Pins ; Virtual Pins ; Full Hierarchy Name ; Entity Name ; Library Name ;
+----------------------------+---------------------+---------------------------+-------------------+------------+------+--------------+---------------------+-------------+--------------+
; |mips_alu                  ; 521 (521)           ; 0 (0)                     ; 0                 ; 0          ; 106  ; 0            ; |mips_alu           ; mips_alu    ; work         ;
+----------------------------+---------------------+---------------------------+-------------------+------------+------+--------------+---------------------+-------------+--------------+
Note: For table entries with two numbers listed, the numbers in parentheses indicate the number of resources of the given type used by the specific entity alone. The numbers listed outside of parentheses indicate the total resources of the given type used by the specific entity and all of its sub-entities in the hierarchy.


+----------------------------------------------------------------------------------------------------+
; User-Specified and Inferred Latches                                                                ;
+-----------------------------------------------------+---------------------+------------------------+
; Latch Name                                          ; Latch Enable Signal ; Free of Timing Hazards ;
+-----------------------------------------------------+---------------------+------------------------+
; Zero$latch                                          ; Mux1                ; yes                    ;
; ALU_Result[0]$latch                                 ; Mux1                ; yes                    ;
; ALU_Result[1]$latch                                 ; Mux1                ; yes                    ;
; ALU_Result[2]$latch                                 ; Mux1                ; yes                    ;
; ALU_Result[3]$latch                                 ; Mux1                ; yes                    ;
; ALU_Result[4]$latch                                 ; Mux1                ; yes                    ;
; ALU_Result[5]$latch                                 ; Mux1                ; yes                    ;
; ALU_Result[6]$latch                                 ; Mux1                ; yes                    ;
; ALU_Result[7]$latch                                 ; Mux1                ; yes                    ;
; ALU_Result[8]$latch                                 ; Mux1                ; yes                    ;
; ALU_Result[9]$latch                                 ; Mux1                ; yes                    ;
; ALU_Result[10]$latch                                ; Mux1                ; yes                    ;
; ALU_Result[11]$latch                                ; Mux1                ; yes                    ;
; ALU_Result[12]$latch                                ; Mux1                ; yes                    ;
; ALU_Result[13]$latch                                ; Mux1                ; yes                    ;
; ALU_Result[14]$latch                                ; Mux1                ; yes                    ;
; ALU_Result[15]$latch                                ; Mux1                ; yes                    ;
; ALU_Result[16]$latch                                ; Mux1                ; yes                    ;
; ALU_Result[17]$latch                                ; Mux1                ; yes                    ;
; ALU_Result[18]$latch                                ; Mux1                ; yes                    ;
; ALU_Result[19]$latch                                ; Mux1                ; yes                    ;
; ALU_Result[20]$latch                                ; Mux1                ; yes                    ;
; ALU_Result[21]$latch                                ; Mux1                ; yes                    ;
; ALU_Result[22]$latch                                ; Mux1                ; yes                    ;
; ALU_Result[23]$latch                                ; Mux1                ; yes                    ;
; ALU_Result[24]$latch                                ; Mux1                ; yes                    ;
; ALU_Result[25]$latch                                ; Mux1                ; yes                    ;
; ALU_Result[26]$latch                                ; Mux1                ; yes                    ;
; ALU_Result[27]$latch                                ; Mux1                ; yes                    ;
; ALU_Result[28]$latch                                ; Mux1                ; yes                    ;
; ALU_Result[29]$latch                                ; Mux1                ; yes                    ;
; ALU_Result[30]$latch                                ; Mux1                ; yes                    ;
; ALU_Result[31]$latch                                ; Mux1                ; yes                    ;
; Number of user-specified and inferred latches = 33  ;                     ;                        ;
+-----------------------------------------------------+---------------------+------------------------+
Note: All latches listed above may not be present at the end of synthesis due to various synthesis optimizations.


+------------------------------------------------------+
; General Register Statistics                          ;
+----------------------------------------------+-------+
; Statistic                                    ; Value ;
+----------------------------------------------+-------+
; Total registers                              ; 0     ;
; Number of registers using Synchronous Clear  ; 0     ;
; Number of registers using Synchronous Load   ; 0     ;
; Number of registers using Asynchronous Clear ; 0     ;
; Number of registers using Asynchronous Load  ; 0     ;
; Number of registers using Clock Enable       ; 0     ;
; Number of registers using Preset             ; 0     ;
+----------------------------------------------+-------+


+------------------------------------------------------------------------------------------------------------------------------------------+
; Multiplexer Restructuring Statistics (Restructuring Performed)                                                                           ;
+--------------------+-----------+---------------+----------------------+------------------------+------------+----------------------------+
; Multiplexer Inputs ; Bus Width ; Baseline Area ; Area if Restructured ; Saving if Restructured ; Registered ; Example Multiplexer Output ;
+--------------------+-----------+---------------+----------------------+------------------------+------------+----------------------------+
; 4:1                ; 50 bits   ; 100 LEs       ; 100 LEs              ; 0 LEs                  ; No         ; |mips_alu|ShiftLeft0       ;
; 4:1                ; 4 bits    ; 8 LEs         ; 8 LEs                ; 0 LEs                  ; No         ; |mips_alu|ShiftLeft0       ;
; 4:1                ; 4 bits    ; 8 LEs         ; 8 LEs                ; 0 LEs                  ; No         ; |mips_alu|ShiftLeft0       ;
; 4:1                ; 4 bits    ; 8 LEs         ; 8 LEs                ; 0 LEs                  ; No         ; |mips_alu|ShiftRight0      ;
; 4:1                ; 11 bits   ; 22 LEs        ; 22 LEs               ; 0 LEs                  ; No         ; |mips_alu|ShiftRight0      ;
; 5:1                ; 24 bits   ; 72 LEs        ; 72 LEs               ; 0 LEs                  ; No         ; |mips_alu|ShiftLeft0       ;
; 11:1               ; 15 bits   ; 105 LEs       ; 90 LEs               ; 15 LEs                 ; No         ; |mips_alu|Mux6             ;
; 11:1               ; 16 bits   ; 112 LEs       ; 96 LEs               ; 16 LEs                 ; No         ; |mips_alu|Mux20            ;
; 8:1                ; 8 bits    ; 40 LEs        ; 40 LEs               ; 0 LEs                  ; No         ; |mips_alu|ShiftRight0      ;
+--------------------+-----------+---------------+----------------------+------------------------+------------+----------------------------+


+-----------------------------------------------------+
; Post-Synthesis Netlist Statistics for Top Partition ;
+-----------------------+-----------------------------+
; Type                  ; Count                       ;
+-----------------------+-----------------------------+
; arriav_lcell_comb     ; 521                         ;
;     arith             ; 32                          ;
;         2 data inputs ; 32                          ;
;     extend            ; 7                           ;
;         7 data inputs ; 7                           ;
;     normal            ; 450                         ;
;         2 data inputs ; 27                          ;
;         3 data inputs ; 63                          ;
;         4 data inputs ; 58                          ;
;         5 data inputs ; 161                         ;
;         6 data inputs ; 141                         ;
;     shared            ; 32                          ;
;         2 data inputs ; 32                          ;
; boundary_port         ; 106                         ;
;                       ;                             ;
; Max LUT depth         ; 8.10                        ;
; Average LUT depth     ; 7.02                        ;
+-----------------------+-----------------------------+


+-------------------------------+
; Elapsed Time Per Partition    ;
+----------------+--------------+
; Partition Name ; Elapsed Time ;
+----------------+--------------+
; Top            ; 00:00:03     ;
+----------------+--------------+


+-------------------------------+
; Analysis & Synthesis Messages ;
+-------------------------------+
Info: *******************************************************************
Info: Running Quartus Prime Analysis & Synthesis
    Info: Version 16.1.0 Build 196 10/24/2016 SJ Lite Edition
    Info: Processing started: Thu Apr 06 13:37:07 2017
Info: Command: quartus_map --read_settings_files=on --write_settings_files=off Counter -c Counter
Warning (18236): Number of processors has not been specified which may cause overloading on shared machines.  Set the global assignment NUM_PARALLEL_PROCESSORS in your QSF to an appropriate value for best performance.
Info (20030): Parallel compilation is enabled and will use 2 of the 2 processors detected
Info (12021): Found 2 design units, including 1 entities, in source file register_file.vhd
    Info (12022): Found design unit 1: register_file-behavioral File: C:/Users/DillonBritt/Documents/Counter_Lab_7/register_file.vhd Line: 21
    Info (12023): Found entity 1: register_file File: C:/Users/DillonBritt/Documents/Counter_Lab_7/register_file.vhd Line: 7
Info (12021): Found 2 design units, including 1 entities, in source file counter.vhd
    Info (12022): Found design unit 1: Counter-Behavioral File: C:/Users/DillonBritt/Documents/Counter_Lab_7/Counter.vhd Line: 13
    Info (12023): Found entity 1: Counter File: C:/Users/DillonBritt/Documents/Counter_Lab_7/Counter.vhd Line: 4
Info (12021): Found 2 design units, including 1 entities, in source file file2.vhd
    Info (12022): Found design unit 1: file2-SYN File: C:/Users/DillonBritt/Documents/Counter_Lab_7/file2.vhd Line: 53
    Info (12023): Found entity 1: file2 File: C:/Users/DillonBritt/Documents/Counter_Lab_7/file2.vhd Line: 43
Info (12021): Found 2 design units, including 1 entities, in source file mips_control.vhd
    Info (12022): Found design unit 1: mips_control-Behavioral File: C:/Users/DillonBritt/Documents/Counter_Lab_7/mips_control.vhd Line: 18
    Info (12023): Found entity 1: mips_control File: C:/Users/DillonBritt/Documents/Counter_Lab_7/mips_control.vhd Line: 5
Info (12021): Found 2 design units, including 1 entities, in source file mips_register_file.vhd
    Info (12022): Found design unit 1: mips_register_file-arch File: C:/Users/DillonBritt/Documents/Counter_Lab_7/mips_register_file.vhd Line: 16
    Info (12023): Found entity 1: mips_register_file File: C:/Users/DillonBritt/Documents/Counter_Lab_7/mips_register_file.vhd Line: 6
Info (12021): Found 2 design units, including 1 entities, in source file mips_alu.vhd
    Info (12022): Found design unit 1: mips_alu-arch File: C:/Users/DillonBritt/Documents/Counter_Lab_7/mips_alu.vhd Line: 17
    Info (12023): Found entity 1: mips_alu File: C:/Users/DillonBritt/Documents/Counter_Lab_7/mips_alu.vhd Line: 8
Info (12127): Elaborating entity "mips_alu" for the top level hierarchy
Warning (10492): VHDL Process Statement warning at mips_alu.vhd(24): signal "inputA" is read inside the Process Statement but isn't in the Process Statement's sensitivity list File: C:/Users/DillonBritt/Documents/Counter_Lab_7/mips_alu.vhd Line: 24
Warning (10492): VHDL Process Statement warning at mips_alu.vhd(24): signal "inputB" is read inside the Process Statement but isn't in the Process Statement's sensitivity list File: C:/Users/DillonBritt/Documents/Counter_Lab_7/mips_alu.vhd Line: 24
Warning (10492): VHDL Process Statement warning at mips_alu.vhd(26): signal "inputA" is read inside the Process Statement but isn't in the Process Statement's sensitivity list File: C:/Users/DillonBritt/Documents/Counter_Lab_7/mips_alu.vhd Line: 26
Warning (10492): VHDL Process Statement warning at mips_alu.vhd(26): signal "inputB" is read inside the Process Statement but isn't in the Process Statement's sensitivity list File: C:/Users/DillonBritt/Documents/Counter_Lab_7/mips_alu.vhd Line: 26
Warning (10492): VHDL Process Statement warning at mips_alu.vhd(34): signal "inputA" is read inside the Process Statement but isn't in the Process Statement's sensitivity list File: C:/Users/DillonBritt/Documents/Counter_Lab_7/mips_alu.vhd Line: 34
Warning (10492): VHDL Process Statement warning at mips_alu.vhd(34): signal "inputB" is read inside the Process Statement but isn't in the Process Statement's sensitivity list File: C:/Users/DillonBritt/Documents/Counter_Lab_7/mips_alu.vhd Line: 34
Warning (10492): VHDL Process Statement warning at mips_alu.vhd(41): signal "inputA" is read inside the Process Statement but isn't in the Process Statement's sensitivity list File: C:/Users/DillonBritt/Documents/Counter_Lab_7/mips_alu.vhd Line: 41
Warning (10492): VHDL Process Statement warning at mips_alu.vhd(41): signal "inputB" is read inside the Process Statement but isn't in the Process Statement's sensitivity list File: C:/Users/DillonBritt/Documents/Counter_Lab_7/mips_alu.vhd Line: 41
Warning (10492): VHDL Process Statement warning at mips_alu.vhd(46): signal "inputA" is read inside the Process Statement but isn't in the Process Statement's sensitivity list File: C:/Users/DillonBritt/Documents/Counter_Lab_7/mips_alu.vhd Line: 46
Warning (10492): VHDL Process Statement warning at mips_alu.vhd(46): signal "inputB" is read inside the Process Statement but isn't in the Process Statement's sensitivity list File: C:/Users/DillonBritt/Documents/Counter_Lab_7/mips_alu.vhd Line: 46
Warning (10492): VHDL Process Statement warning at mips_alu.vhd(49): signal "inputA" is read inside the Process Statement but isn't in the Process Statement's sensitivity list File: C:/Users/DillonBritt/Documents/Counter_Lab_7/mips_alu.vhd Line: 49
Warning (10492): VHDL Process Statement warning at mips_alu.vhd(49): signal "inputB" is read inside the Process Statement but isn't in the Process Statement's sensitivity list File: C:/Users/DillonBritt/Documents/Counter_Lab_7/mips_alu.vhd Line: 49
Warning (10492): VHDL Process Statement warning at mips_alu.vhd(58): signal "inputA" is read inside the Process Statement but isn't in the Process Statement's sensitivity list File: C:/Users/DillonBritt/Documents/Counter_Lab_7/mips_alu.vhd Line: 58
Warning (10492): VHDL Process Statement warning at mips_alu.vhd(58): signal "inputB" is read inside the Process Statement but isn't in the Process Statement's sensitivity list File: C:/Users/DillonBritt/Documents/Counter_Lab_7/mips_alu.vhd Line: 58
Warning (10492): VHDL Process Statement warning at mips_alu.vhd(60): signal "inputA" is read inside the Process Statement but isn't in the Process Statement's sensitivity list File: C:/Users/DillonBritt/Documents/Counter_Lab_7/mips_alu.vhd Line: 60
Warning (10492): VHDL Process Statement warning at mips_alu.vhd(60): signal "inputB" is read inside the Process Statement but isn't in the Process Statement's sensitivity list File: C:/Users/DillonBritt/Documents/Counter_Lab_7/mips_alu.vhd Line: 60
Warning (10492): VHDL Process Statement warning at mips_alu.vhd(70): signal "inputA" is read inside the Process Statement but isn't in the Process Statement's sensitivity list File: C:/Users/DillonBritt/Documents/Counter_Lab_7/mips_alu.vhd Line: 70
Warning (10492): VHDL Process Statement warning at mips_alu.vhd(70): signal "inputB" is read inside the Process Statement but isn't in the Process Statement's sensitivity list File: C:/Users/DillonBritt/Documents/Counter_Lab_7/mips_alu.vhd Line: 70
Warning (10492): VHDL Process Statement warning at mips_alu.vhd(83): signal "inputB" is read inside the Process Statement but isn't in the Process Statement's sensitivity list File: C:/Users/DillonBritt/Documents/Counter_Lab_7/mips_alu.vhd Line: 83
Warning (10492): VHDL Process Statement warning at mips_alu.vhd(83): signal "shamt" is read inside the Process Statement but isn't in the Process Statement's sensitivity list File: C:/Users/DillonBritt/Documents/Counter_Lab_7/mips_alu.vhd Line: 83
Warning (10492): VHDL Process Statement warning at mips_alu.vhd(85): signal "inputB" is read inside the Process Statement but isn't in the Process Statement's sensitivity list File: C:/Users/DillonBritt/Documents/Counter_Lab_7/mips_alu.vhd Line: 85
Warning (10492): VHDL Process Statement warning at mips_alu.vhd(85): signal "shamt" is read inside the Process Statement but isn't in the Process Statement's sensitivity list File: C:/Users/DillonBritt/Documents/Counter_Lab_7/mips_alu.vhd Line: 85
Warning (10492): VHDL Process Statement warning at mips_alu.vhd(94): signal "inputB" is read inside the Process Statement but isn't in the Process Statement's sensitivity list File: C:/Users/DillonBritt/Documents/Counter_Lab_7/mips_alu.vhd Line: 94
Warning (10492): VHDL Process Statement warning at mips_alu.vhd(94): signal "shamt" is read inside the Process Statement but isn't in the Process Statement's sensitivity list File: C:/Users/DillonBritt/Documents/Counter_Lab_7/mips_alu.vhd Line: 94
Warning (10492): VHDL Process Statement warning at mips_alu.vhd(96): signal "inputB" is read inside the Process Statement but isn't in the Process Statement's sensitivity list File: C:/Users/DillonBritt/Documents/Counter_Lab_7/mips_alu.vhd Line: 96
Warning (10492): VHDL Process Statement warning at mips_alu.vhd(96): signal "shamt" is read inside the Process Statement but isn't in the Process Statement's sensitivity list File: C:/Users/DillonBritt/Documents/Counter_Lab_7/mips_alu.vhd Line: 96
Warning (10492): VHDL Process Statement warning at mips_alu.vhd(105): signal "inputB" is read inside the Process Statement but isn't in the Process Statement's sensitivity list File: C:/Users/DillonBritt/Documents/Counter_Lab_7/mips_alu.vhd Line: 105
Warning (10492): VHDL Process Statement warning at mips_alu.vhd(105): signal "shamt" is read inside the Process Statement but isn't in the Process Statement's sensitivity list File: C:/Users/DillonBritt/Documents/Counter_Lab_7/mips_alu.vhd Line: 105
Warning (10492): VHDL Process Statement warning at mips_alu.vhd(107): signal "inputB" is read inside the Process Statement but isn't in the Process Statement's sensitivity list File: C:/Users/DillonBritt/Documents/Counter_Lab_7/mips_alu.vhd Line: 107
Warning (10492): VHDL Process Statement warning at mips_alu.vhd(107): signal "shamt" is read inside the Process Statement but isn't in the Process Statement's sensitivity list File: C:/Users/DillonBritt/Documents/Counter_Lab_7/mips_alu.vhd Line: 107
Warning (10492): VHDL Process Statement warning at mips_alu.vhd(116): signal "inputB" is read inside the Process Statement but isn't in the Process Statement's sensitivity list File: C:/Users/DillonBritt/Documents/Counter_Lab_7/mips_alu.vhd Line: 116
Warning (10492): VHDL Process Statement warning at mips_alu.vhd(116): signal "shamt" is read inside the Process Statement but isn't in the Process Statement's sensitivity list File: C:/Users/DillonBritt/Documents/Counter_Lab_7/mips_alu.vhd Line: 116
Warning (10492): VHDL Process Statement warning at mips_alu.vhd(118): signal "inputB" is read inside the Process Statement but isn't in the Process Statement's sensitivity list File: C:/Users/DillonBritt/Documents/Counter_Lab_7/mips_alu.vhd Line: 118
Warning (10492): VHDL Process Statement warning at mips_alu.vhd(118): signal "shamt" is read inside the Process Statement but isn't in the Process Statement's sensitivity list File: C:/Users/DillonBritt/Documents/Counter_Lab_7/mips_alu.vhd Line: 118
Warning (10492): VHDL Process Statement warning at mips_alu.vhd(127): signal "inputA" is read inside the Process Statement but isn't in the Process Statement's sensitivity list File: C:/Users/DillonBritt/Documents/Counter_Lab_7/mips_alu.vhd Line: 127
Warning (10492): VHDL Process Statement warning at mips_alu.vhd(127): signal "inputB" is read inside the Process Statement but isn't in the Process Statement's sensitivity list File: C:/Users/DillonBritt/Documents/Counter_Lab_7/mips_alu.vhd Line: 127
Warning (10492): VHDL Process Statement warning at mips_alu.vhd(129): signal "inputA" is read inside the Process Statement but isn't in the Process Statement's sensitivity list File: C:/Users/DillonBritt/Documents/Counter_Lab_7/mips_alu.vhd Line: 129
Warning (10492): VHDL Process Statement warning at mips_alu.vhd(129): signal "inputB" is read inside the Process Statement but isn't in the Process Statement's sensitivity list File: C:/Users/DillonBritt/Documents/Counter_Lab_7/mips_alu.vhd Line: 129
Warning (10492): VHDL Process Statement warning at mips_alu.vhd(137): signal "inputB" is read inside the Process Statement but isn't in the Process Statement's sensitivity list File: C:/Users/DillonBritt/Documents/Counter_Lab_7/mips_alu.vhd Line: 137
Warning (10492): VHDL Process Statement warning at mips_alu.vhd(139): signal "inputB" is read inside the Process Statement but isn't in the Process Statement's sensitivity list File: C:/Users/DillonBritt/Documents/Counter_Lab_7/mips_alu.vhd Line: 139
Warning (10631): VHDL Process Statement warning at mips_alu.vhd(19): inferring latch(es) for signal or variable "ALU_Result", which holds its previous value in one or more paths through the process File: C:/Users/DillonBritt/Documents/Counter_Lab_7/mips_alu.vhd Line: 19
Warning (10631): VHDL Process Statement warning at mips_alu.vhd(19): inferring latch(es) for signal or variable "Zero", which holds its previous value in one or more paths through the process File: C:/Users/DillonBritt/Documents/Counter_Lab_7/mips_alu.vhd Line: 19
Info (10041): Inferred latch for "Zero" at mips_alu.vhd(19) File: C:/Users/DillonBritt/Documents/Counter_Lab_7/mips_alu.vhd Line: 19
Info (10041): Inferred latch for "ALU_Result[0]" at mips_alu.vhd(19) File: C:/Users/DillonBritt/Documents/Counter_Lab_7/mips_alu.vhd Line: 19
Info (10041): Inferred latch for "ALU_Result[1]" at mips_alu.vhd(19) File: C:/Users/DillonBritt/Documents/Counter_Lab_7/mips_alu.vhd Line: 19
Info (10041): Inferred latch for "ALU_Result[2]" at mips_alu.vhd(19) File: C:/Users/DillonBritt/Documents/Counter_Lab_7/mips_alu.vhd Line: 19
Info (10041): Inferred latch for "ALU_Result[3]" at mips_alu.vhd(19) File: C:/Users/DillonBritt/Documents/Counter_Lab_7/mips_alu.vhd Line: 19
Info (10041): Inferred latch for "ALU_Result[4]" at mips_alu.vhd(19) File: C:/Users/DillonBritt/Documents/Counter_Lab_7/mips_alu.vhd Line: 19
Info (10041): Inferred latch for "ALU_Result[5]" at mips_alu.vhd(19) File: C:/Users/DillonBritt/Documents/Counter_Lab_7/mips_alu.vhd Line: 19
Info (10041): Inferred latch for "ALU_Result[6]" at mips_alu.vhd(19) File: C:/Users/DillonBritt/Documents/Counter_Lab_7/mips_alu.vhd Line: 19
Info (10041): Inferred latch for "ALU_Result[7]" at mips_alu.vhd(19) File: C:/Users/DillonBritt/Documents/Counter_Lab_7/mips_alu.vhd Line: 19
Info (10041): Inferred latch for "ALU_Result[8]" at mips_alu.vhd(19) File: C:/Users/DillonBritt/Documents/Counter_Lab_7/mips_alu.vhd Line: 19
Info (10041): Inferred latch for "ALU_Result[9]" at mips_alu.vhd(19) File: C:/Users/DillonBritt/Documents/Counter_Lab_7/mips_alu.vhd Line: 19
Info (10041): Inferred latch for "ALU_Result[10]" at mips_alu.vhd(19) File: C:/Users/DillonBritt/Documents/Counter_Lab_7/mips_alu.vhd Line: 19
Info (10041): Inferred latch for "ALU_Result[11]" at mips_alu.vhd(19) File: C:/Users/DillonBritt/Documents/Counter_Lab_7/mips_alu.vhd Line: 19
Info (10041): Inferred latch for "ALU_Result[12]" at mips_alu.vhd(19) File: C:/Users/DillonBritt/Documents/Counter_Lab_7/mips_alu.vhd Line: 19
Info (10041): Inferred latch for "ALU_Result[13]" at mips_alu.vhd(19) File: C:/Users/DillonBritt/Documents/Counter_Lab_7/mips_alu.vhd Line: 19
Info (10041): Inferred latch for "ALU_Result[14]" at mips_alu.vhd(19) File: C:/Users/DillonBritt/Documents/Counter_Lab_7/mips_alu.vhd Line: 19
Info (10041): Inferred latch for "ALU_Result[15]" at mips_alu.vhd(19) File: C:/Users/DillonBritt/Documents/Counter_Lab_7/mips_alu.vhd Line: 19
Info (10041): Inferred latch for "ALU_Result[16]" at mips_alu.vhd(19) File: C:/Users/DillonBritt/Documents/Counter_Lab_7/mips_alu.vhd Line: 19
Info (10041): Inferred latch for "ALU_Result[17]" at mips_alu.vhd(19) File: C:/Users/DillonBritt/Documents/Counter_Lab_7/mips_alu.vhd Line: 19
Info (10041): Inferred latch for "ALU_Result[18]" at mips_alu.vhd(19) File: C:/Users/DillonBritt/Documents/Counter_Lab_7/mips_alu.vhd Line: 19
Info (10041): Inferred latch for "ALU_Result[19]" at mips_alu.vhd(19) File: C:/Users/DillonBritt/Documents/Counter_Lab_7/mips_alu.vhd Line: 19
Info (10041): Inferred latch for "ALU_Result[20]" at mips_alu.vhd(19) File: C:/Users/DillonBritt/Documents/Counter_Lab_7/mips_alu.vhd Line: 19
Info (10041): Inferred latch for "ALU_Result[21]" at mips_alu.vhd(19) File: C:/Users/DillonBritt/Documents/Counter_Lab_7/mips_alu.vhd Line: 19
Info (10041): Inferred latch for "ALU_Result[22]" at mips_alu.vhd(19) File: C:/Users/DillonBritt/Documents/Counter_Lab_7/mips_alu.vhd Line: 19
Info (10041): Inferred latch for "ALU_Result[23]" at mips_alu.vhd(19) File: C:/Users/DillonBritt/Documents/Counter_Lab_7/mips_alu.vhd Line: 19
Info (10041): Inferred latch for "ALU_Result[24]" at mips_alu.vhd(19) File: C:/Users/DillonBritt/Documents/Counter_Lab_7/mips_alu.vhd Line: 19
Info (10041): Inferred latch for "ALU_Result[25]" at mips_alu.vhd(19) File: C:/Users/DillonBritt/Documents/Counter_Lab_7/mips_alu.vhd Line: 19
Info (10041): Inferred latch for "ALU_Result[26]" at mips_alu.vhd(19) File: C:/Users/DillonBritt/Documents/Counter_Lab_7/mips_alu.vhd Line: 19
Info (10041): Inferred latch for "ALU_Result[27]" at mips_alu.vhd(19) File: C:/Users/DillonBritt/Documents/Counter_Lab_7/mips_alu.vhd Line: 19
Info (10041): Inferred latch for "ALU_Result[28]" at mips_alu.vhd(19) File: C:/Users/DillonBritt/Documents/Counter_Lab_7/mips_alu.vhd Line: 19
Info (10041): Inferred latch for "ALU_Result[29]" at mips_alu.vhd(19) File: C:/Users/DillonBritt/Documents/Counter_Lab_7/mips_alu.vhd Line: 19
Info (10041): Inferred latch for "ALU_Result[30]" at mips_alu.vhd(19) File: C:/Users/DillonBritt/Documents/Counter_Lab_7/mips_alu.vhd Line: 19
Info (10041): Inferred latch for "ALU_Result[31]" at mips_alu.vhd(19) File: C:/Users/DillonBritt/Documents/Counter_Lab_7/mips_alu.vhd Line: 19
Warning (13012): Latch Zero$latch has unsafe behavior File: C:/Users/DillonBritt/Documents/Counter_Lab_7/mips_alu.vhd Line: 19
    Warning (13013): Ports D and ENA on the latch are fed by the same signal ALUControl[3] File: C:/Users/DillonBritt/Documents/Counter_Lab_7/mips_alu.vhd Line: 10
Warning (13012): Latch ALU_Result[0]$latch has unsafe behavior File: C:/Users/DillonBritt/Documents/Counter_Lab_7/mips_alu.vhd Line: 19
    Warning (13013): Ports D and ENA on the latch are fed by the same signal ALUControl[0] File: C:/Users/DillonBritt/Documents/Counter_Lab_7/mips_alu.vhd Line: 10
Warning (13012): Latch ALU_Result[1]$latch has unsafe behavior File: C:/Users/DillonBritt/Documents/Counter_Lab_7/mips_alu.vhd Line: 19
    Warning (13013): Ports D and ENA on the latch are fed by the same signal ALUControl[2] File: C:/Users/DillonBritt/Documents/Counter_Lab_7/mips_alu.vhd Line: 10
Warning (13012): Latch ALU_Result[2]$latch has unsafe behavior File: C:/Users/DillonBritt/Documents/Counter_Lab_7/mips_alu.vhd Line: 19
    Warning (13013): Ports D and ENA on the latch are fed by the same signal ALUControl[2] File: C:/Users/DillonBritt/Documents/Counter_Lab_7/mips_alu.vhd Line: 10
Warning (13012): Latch ALU_Result[3]$latch has unsafe behavior File: C:/Users/DillonBritt/Documents/Counter_Lab_7/mips_alu.vhd Line: 19
    Warning (13013): Ports D and ENA on the latch are fed by the same signal ALUControl[2] File: C:/Users/DillonBritt/Documents/Counter_Lab_7/mips_alu.vhd Line: 10
Warning (13012): Latch ALU_Result[4]$latch has unsafe behavior File: C:/Users/DillonBritt/Documents/Counter_Lab_7/mips_alu.vhd Line: 19
    Warning (13013): Ports D and ENA on the latch are fed by the same signal ALUControl[2] File: C:/Users/DillonBritt/Documents/Counter_Lab_7/mips_alu.vhd Line: 10
Warning (13012): Latch ALU_Result[5]$latch has unsafe behavior File: C:/Users/DillonBritt/Documents/Counter_Lab_7/mips_alu.vhd Line: 19
    Warning (13013): Ports D and ENA on the latch are fed by the same signal ALUControl[2] File: C:/Users/DillonBritt/Documents/Counter_Lab_7/mips_alu.vhd Line: 10
Warning (13012): Latch ALU_Result[6]$latch has unsafe behavior File: C:/Users/DillonBritt/Documents/Counter_Lab_7/mips_alu.vhd Line: 19
    Warning (13013): Ports D and ENA on the latch are fed by the same signal ALUControl[2] File: C:/Users/DillonBritt/Documents/Counter_Lab_7/mips_alu.vhd Line: 10
Warning (13012): Latch ALU_Result[7]$latch has unsafe behavior File: C:/Users/DillonBritt/Documents/Counter_Lab_7/mips_alu.vhd Line: 19
    Warning (13013): Ports D and ENA on the latch are fed by the same signal ALUControl[2] File: C:/Users/DillonBritt/Documents/Counter_Lab_7/mips_alu.vhd Line: 10
Warning (13012): Latch ALU_Result[8]$latch has unsafe behavior File: C:/Users/DillonBritt/Documents/Counter_Lab_7/mips_alu.vhd Line: 19
    Warning (13013): Ports D and ENA on the latch are fed by the same signal ALUControl[2] File: C:/Users/DillonBritt/Documents/Counter_Lab_7/mips_alu.vhd Line: 10
Warning (13012): Latch ALU_Result[9]$latch has unsafe behavior File: C:/Users/DillonBritt/Documents/Counter_Lab_7/mips_alu.vhd Line: 19
    Warning (13013): Ports D and ENA on the latch are fed by the same signal ALUControl[2] File: C:/Users/DillonBritt/Documents/Counter_Lab_7/mips_alu.vhd Line: 10
Warning (13012): Latch ALU_Result[10]$latch has unsafe behavior File: C:/Users/DillonBritt/Documents/Counter_Lab_7/mips_alu.vhd Line: 19
    Warning (13013): Ports D and ENA on the latch are fed by the same signal ALUControl[2] File: C:/Users/DillonBritt/Documents/Counter_Lab_7/mips_alu.vhd Line: 10
Warning (13012): Latch ALU_Result[11]$latch has unsafe behavior File: C:/Users/DillonBritt/Documents/Counter_Lab_7/mips_alu.vhd Line: 19
    Warning (13013): Ports D and ENA on the latch are fed by the same signal ALUControl[2] File: C:/Users/DillonBritt/Documents/Counter_Lab_7/mips_alu.vhd Line: 10
Warning (13012): Latch ALU_Result[12]$latch has unsafe behavior File: C:/Users/DillonBritt/Documents/Counter_Lab_7/mips_alu.vhd Line: 19
    Warning (13013): Ports D and ENA on the latch are fed by the same signal ALUControl[2] File: C:/Users/DillonBritt/Documents/Counter_Lab_7/mips_alu.vhd Line: 10
Warning (13012): Latch ALU_Result[13]$latch has unsafe behavior File: C:/Users/DillonBritt/Documents/Counter_Lab_7/mips_alu.vhd Line: 19
    Warning (13013): Ports D and ENA on the latch are fed by the same signal ALUControl[2] File: C:/Users/DillonBritt/Documents/Counter_Lab_7/mips_alu.vhd Line: 10
Warning (13012): Latch ALU_Result[14]$latch has unsafe behavior File: C:/Users/DillonBritt/Documents/Counter_Lab_7/mips_alu.vhd Line: 19
    Warning (13013): Ports D and ENA on the latch are fed by the same signal ALUControl[2] File: C:/Users/DillonBritt/Documents/Counter_Lab_7/mips_alu.vhd Line: 10
Warning (13012): Latch ALU_Result[15]$latch has unsafe behavior File: C:/Users/DillonBritt/Documents/Counter_Lab_7/mips_alu.vhd Line: 19
    Warning (13013): Ports D and ENA on the latch are fed by the same signal ALUControl[2] File: C:/Users/DillonBritt/Documents/Counter_Lab_7/mips_alu.vhd Line: 10
Warning (13012): Latch ALU_Result[16]$latch has unsafe behavior File: C:/Users/DillonBritt/Documents/Counter_Lab_7/mips_alu.vhd Line: 19
    Warning (13013): Ports D and ENA on the latch are fed by the same signal ALUControl[3] File: C:/Users/DillonBritt/Documents/Counter_Lab_7/mips_alu.vhd Line: 10
Warning (13012): Latch ALU_Result[17]$latch has unsafe behavior File: C:/Users/DillonBritt/Documents/Counter_Lab_7/mips_alu.vhd Line: 19
    Warning (13013): Ports D and ENA on the latch are fed by the same signal ALUControl[3] File: C:/Users/DillonBritt/Documents/Counter_Lab_7/mips_alu.vhd Line: 10
Warning (13012): Latch ALU_Result[18]$latch has unsafe behavior File: C:/Users/DillonBritt/Documents/Counter_Lab_7/mips_alu.vhd Line: 19
    Warning (13013): Ports D and ENA on the latch are fed by the same signal ALUControl[3] File: C:/Users/DillonBritt/Documents/Counter_Lab_7/mips_alu.vhd Line: 10
Warning (13012): Latch ALU_Result[19]$latch has unsafe behavior File: C:/Users/DillonBritt/Documents/Counter_Lab_7/mips_alu.vhd Line: 19
    Warning (13013): Ports D and ENA on the latch are fed by the same signal ALUControl[3] File: C:/Users/DillonBritt/Documents/Counter_Lab_7/mips_alu.vhd Line: 10
Warning (13012): Latch ALU_Result[20]$latch has unsafe behavior File: C:/Users/DillonBritt/Documents/Counter_Lab_7/mips_alu.vhd Line: 19
    Warning (13013): Ports D and ENA on the latch are fed by the same signal ALUControl[3] File: C:/Users/DillonBritt/Documents/Counter_Lab_7/mips_alu.vhd Line: 10
Warning (13012): Latch ALU_Result[21]$latch has unsafe behavior File: C:/Users/DillonBritt/Documents/Counter_Lab_7/mips_alu.vhd Line: 19
    Warning (13013): Ports D and ENA on the latch are fed by the same signal ALUControl[3] File: C:/Users/DillonBritt/Documents/Counter_Lab_7/mips_alu.vhd Line: 10
Warning (13012): Latch ALU_Result[22]$latch has unsafe behavior File: C:/Users/DillonBritt/Documents/Counter_Lab_7/mips_alu.vhd Line: 19
    Warning (13013): Ports D and ENA on the latch are fed by the same signal ALUControl[3] File: C:/Users/DillonBritt/Documents/Counter_Lab_7/mips_alu.vhd Line: 10
Warning (13012): Latch ALU_Result[23]$latch has unsafe behavior File: C:/Users/DillonBritt/Documents/Counter_Lab_7/mips_alu.vhd Line: 19
    Warning (13013): Ports D and ENA on the latch are fed by the same signal ALUControl[3] File: C:/Users/DillonBritt/Documents/Counter_Lab_7/mips_alu.vhd Line: 10
Warning (13012): Latch ALU_Result[24]$latch has unsafe behavior File: C:/Users/DillonBritt/Documents/Counter_Lab_7/mips_alu.vhd Line: 19
    Warning (13013): Ports D and ENA on the latch are fed by the same signal ALUControl[3] File: C:/Users/DillonBritt/Documents/Counter_Lab_7/mips_alu.vhd Line: 10
Warning (13012): Latch ALU_Result[25]$latch has unsafe behavior File: C:/Users/DillonBritt/Documents/Counter_Lab_7/mips_alu.vhd Line: 19
    Warning (13013): Ports D and ENA on the latch are fed by the same signal ALUControl[3] File: C:/Users/DillonBritt/Documents/Counter_Lab_7/mips_alu.vhd Line: 10
Warning (13012): Latch ALU_Result[26]$latch has unsafe behavior File: C:/Users/DillonBritt/Documents/Counter_Lab_7/mips_alu.vhd Line: 19
    Warning (13013): Ports D and ENA on the latch are fed by the same signal ALUControl[3] File: C:/Users/DillonBritt/Documents/Counter_Lab_7/mips_alu.vhd Line: 10
Warning (13012): Latch ALU_Result[27]$latch has unsafe behavior File: C:/Users/DillonBritt/Documents/Counter_Lab_7/mips_alu.vhd Line: 19
    Warning (13013): Ports D and ENA on the latch are fed by the same signal ALUControl[3] File: C:/Users/DillonBritt/Documents/Counter_Lab_7/mips_alu.vhd Line: 10
Warning (13012): Latch ALU_Result[28]$latch has unsafe behavior File: C:/Users/DillonBritt/Documents/Counter_Lab_7/mips_alu.vhd Line: 19
    Warning (13013): Ports D and ENA on the latch are fed by the same signal ALUControl[3] File: C:/Users/DillonBritt/Documents/Counter_Lab_7/mips_alu.vhd Line: 10
Warning (13012): Latch ALU_Result[29]$latch has unsafe behavior File: C:/Users/DillonBritt/Documents/Counter_Lab_7/mips_alu.vhd Line: 19
    Warning (13013): Ports D and ENA on the latch are fed by the same signal ALUControl[3] File: C:/Users/DillonBritt/Documents/Counter_Lab_7/mips_alu.vhd Line: 10
Warning (13012): Latch ALU_Result[30]$latch has unsafe behavior File: C:/Users/DillonBritt/Documents/Counter_Lab_7/mips_alu.vhd Line: 19
    Warning (13013): Ports D and ENA on the latch are fed by the same signal ALUControl[3] File: C:/Users/DillonBritt/Documents/Counter_Lab_7/mips_alu.vhd Line: 10
Warning (13012): Latch ALU_Result[31]$latch has unsafe behavior File: C:/Users/DillonBritt/Documents/Counter_Lab_7/mips_alu.vhd Line: 19
    Warning (13013): Ports D and ENA on the latch are fed by the same signal ALUControl[3] File: C:/Users/DillonBritt/Documents/Counter_Lab_7/mips_alu.vhd Line: 10
Info (286030): Timing-Driven Synthesis is running
Info (16010): Generating hard_block partition "hard_block:auto_generated_inst"
    Info (16011): Adding 0 node(s), including 0 DDIO, 0 PLL, 0 transceiver and 0 LCELL
Info (21057): Implemented 627 device resources after synthesis - the final resource count might be different
    Info (21058): Implemented 73 input pins
    Info (21059): Implemented 33 output pins
    Info (21061): Implemented 521 logic cells
Info: Quartus Prime Analysis & Synthesis was successful. 0 errors, 109 warnings
    Info: Peak virtual memory: 742 megabytes
    Info: Processing ended: Thu Apr 06 13:37:34 2017
    Info: Elapsed time: 00:00:27
    Info: Total CPU time (on all processors): 00:00:42


