Flow report for Simple_ALU
Tue May 02 16:28:54 2017
Quartus II 64-Bit Version 15.0.0 Build 145 04/22/2015 SJ Web Edition


---------------------
; Table of Contents ;
---------------------
  1. Legal Notice
  2. Flow Summary
  3. Flow Settings
  4. Flow Non-Default Global Settings
  5. Flow Elapsed Time
  6. Flow OS Summary
  7. Flow Log
  8. Flow Messages
  9. Flow Suppressed Messages



----------------
; Legal Notice ;
----------------
Copyright (C) 1991-2015 Altera Corporation. All rights reserved.
Your use of Altera Corporation's design tools, logic functions 
and other software and tools, and its AMPP partner logic 
functions, and any output files from any of the foregoing 
(including device programming or simulation files), and any 
associated documentation or information are expressly subject 
to the terms and conditions of the Altera Program License 
Subscription Agreement, the Altera Quartus II License Agreement,
the Altera MegaCore Function License Agreement, or other 
applicable license agreement, including, without limitation, 
that your use is for the sole purpose of programming logic 
devices manufactured by Altera and sold by Altera or its 
authorized distributors.  Please refer to the applicable 
agreement for further details.



+------------------------------------------------------------------------------+
; Flow Summary                                                                 ;
+---------------------------------+--------------------------------------------+
; Flow Status                     ; Successful - Tue May 02 16:28:54 2017      ;
; Quartus II 64-Bit Version       ; 15.0.0 Build 145 04/22/2015 SJ Web Edition ;
; Revision Name                   ; Simple_ALU                                 ;
; Top-level Entity Name           ; Simple_ALU                                 ;
; Family                          ; Cyclone V                                  ;
; Device                          ; 5CEBA4F23C7                                ;
; Timing Models                   ; Final                                      ;
; Logic utilization (in ALMs)     ; 38 / 18,480 ( < 1 % )                      ;
; Total registers                 ; 0                                          ;
; Total pins                      ; 98 / 224 ( 44 % )                          ;
; Total virtual pins              ; 0                                          ;
; Total block memory bits         ; 0 / 3,153,920 ( 0 % )                      ;
; Total DSP Blocks                ; 0 / 66 ( 0 % )                             ;
; Total HSSI RX PCSs              ; 0                                          ;
; Total HSSI PMA RX Deserializers ; 0                                          ;
; Total HSSI TX PCSs              ; 0                                          ;
; Total HSSI PMA TX Serializers   ; 0                                          ;
; Total PLLs                      ; 0 / 4 ( 0 % )                              ;
; Total DLLs                      ; 0 / 4 ( 0 % )                              ;
+---------------------------------+--------------------------------------------+


+-----------------------------------------+
; Flow Settings                           ;
+-------------------+---------------------+
; Option            ; Setting             ;
+-------------------+---------------------+
; Start date & time ; 01/26/2017 14:11:35 ;
; Main task         ; Compilation         ;
; Revision Name     ; Simple_ALU          ;
+-------------------+---------------------+


+----------------------------------------------------------------------------------------------------------------------+
; Flow Non-Default Global Settings                                                                                     ;
+-------------------------------------+---------------------------------+---------------+-------------+----------------+
; Assignment Name                     ; Value                           ; Default Value ; Entity Name ; Section Id     ;
+-------------------------------------+---------------------------------+---------------+-------------+----------------+
; COMPILER_SIGNATURE_ID               ; 233963777102489.148545789505516 ; --            ; --          ; --             ;
; EDA_OUTPUT_DATA_FORMAT              ; Vhdl                            ; --            ; --          ; eda_simulation ;
; EDA_SIMULATION_TOOL                 ; ModelSim-Altera (VHDL)          ; <None>        ; --          ; --             ;
; MAX_CORE_JUNCTION_TEMP              ; 85                              ; --            ; --          ; --             ;
; MIN_CORE_JUNCTION_TEMP              ; 0                               ; --            ; --          ; --             ;
; PARTITION_COLOR                     ; 16764057                        ; --            ; --          ; Top            ;
; PARTITION_FITTER_PRESERVATION_LEVEL ; PLACEMENT_AND_ROUTING           ; --            ; --          ; Top            ;
; PARTITION_NETLIST_TYPE              ; SOURCE                          ; --            ; --          ; Top            ;
; PROJECT_OUTPUT_DIRECTORY            ; output_files                    ; --            ; --          ; --             ;
+-------------------------------------+---------------------------------+---------------+-------------+----------------+


+-------------------------------------------------------------------------------------------------------------------------------+
; Flow Elapsed Time                                                                                                             ;
+---------------------------+--------------+-------------------------+---------------------+------------------------------------+
; Module Name               ; Elapsed Time ; Average Processors Used ; Peak Virtual Memory ; Total CPU Time (on all processors) ;
+---------------------------+--------------+-------------------------+---------------------+------------------------------------+
; Analysis & Synthesis      ; 00:00:13     ; 1.0                     ; 780 MB              ; 00:00:24                           ;
; Fitter                    ; 00:00:26     ; 1.0                     ; 1715 MB             ; 00:00:25                           ;
; Assembler                 ; 00:00:06     ; 1.0                     ; 740 MB              ; 00:00:05                           ;
; TimeQuest Timing Analyzer ; 00:00:09     ; 1.0                     ; 964 MB              ; 00:00:07                           ;
; EDA Netlist Writer        ; 00:00:01     ; 1.0                     ; 667 MB              ; 00:00:01                           ;
; EDA Netlist Writer        ; 00:00:02     ; 1.0                     ; 642 MB              ; 00:00:01                           ;
; EDA Netlist Writer        ; 00:00:01     ; 1.0                     ; 646 MB              ; 00:00:01                           ;
; EDA Netlist Writer        ; 00:00:01     ; 1.0                     ; 642 MB              ; 00:00:01                           ;
; EDA Netlist Writer        ; 00:00:01     ; 1.0                     ; 646 MB              ; 00:00:01                           ;
; EDA Netlist Writer        ; 00:00:02     ; 1.0                     ; 642 MB              ; 00:00:01                           ;
; EDA Netlist Writer        ; 00:00:01     ; 1.0                     ; 646 MB              ; 00:00:01                           ;
; EDA Netlist Writer        ; 00:00:01     ; 1.0                     ; 642 MB              ; 00:00:01                           ;
; EDA Netlist Writer        ; 00:00:01     ; 1.0                     ; 646 MB              ; 00:00:01                           ;
; EDA Netlist Writer        ; 00:00:01     ; 1.0                     ; 646 MB              ; 00:00:01                           ;
; EDA Netlist Writer        ; 00:00:01     ; 1.0                     ; 646 MB              ; 00:00:01                           ;
; EDA Netlist Writer        ; 00:00:02     ; 1.0                     ; 642 MB              ; 00:00:01                           ;
; EDA Netlist Writer        ; 00:00:01     ; 1.0                     ; 646 MB              ; 00:00:01                           ;
; EDA Netlist Writer        ; 00:00:02     ; 1.0                     ; 642 MB              ; 00:00:01                           ;
; EDA Netlist Writer        ; 00:00:01     ; 1.0                     ; 646 MB              ; 00:00:01                           ;
; EDA Netlist Writer        ; 00:00:02     ; 1.0                     ; 642 MB              ; 00:00:01                           ;
; EDA Netlist Writer        ; 00:00:01     ; 1.0                     ; 666 MB              ; 00:00:01                           ;
; Total                     ; 00:01:16     ; --                      ; --                  ; 00:01:18                           ;
+---------------------------+--------------+-------------------------+---------------------+------------------------------------+


+----------------------------------------------------------------------------------------+
; Flow OS Summary                                                                        ;
+---------------------------+------------------+-----------+------------+----------------+
; Module Name               ; Machine Hostname ; OS Name   ; OS Version ; Processor type ;
+---------------------------+------------------+-----------+------------+----------------+
; Analysis & Synthesis      ; LAB-HP-43        ; Windows 7 ; 6.2        ; x86_64         ;
; Fitter                    ; LAB-HP-43        ; Windows 7 ; 6.2        ; x86_64         ;
; Assembler                 ; LAB-HP-43        ; Windows 7 ; 6.2        ; x86_64         ;
; TimeQuest Timing Analyzer ; LAB-HP-43        ; Windows 7 ; 6.2        ; x86_64         ;
; EDA Netlist Writer        ; LAB-HP-43        ; Windows 7 ; 6.2        ; x86_64         ;
; EDA Netlist Writer        ; LAB-HP-43        ; Windows 7 ; 6.2        ; x86_64         ;
; EDA Netlist Writer        ; LAB-HP-43        ; Windows 7 ; 6.2        ; x86_64         ;
; EDA Netlist Writer        ; LAB-HP-43        ; Windows 7 ; 6.2        ; x86_64         ;
; EDA Netlist Writer        ; LAB-HP-43        ; Windows 7 ; 6.2        ; x86_64         ;
; EDA Netlist Writer        ; LAB-HP-43        ; Windows 7 ; 6.2        ; x86_64         ;
; EDA Netlist Writer        ; LAB-HP-43        ; Windows 7 ; 6.2        ; x86_64         ;
; EDA Netlist Writer        ; LAB-HP-43        ; Windows 7 ; 6.2        ; x86_64         ;
; EDA Netlist Writer        ; LAB-HP-43        ; Windows 7 ; 6.2        ; x86_64         ;
; EDA Netlist Writer        ; LAB-HP-43        ; Windows 7 ; 6.2        ; x86_64         ;
; EDA Netlist Writer        ; LAB-HP-43        ; Windows 7 ; 6.2        ; x86_64         ;
; EDA Netlist Writer        ; LAB-HP-43        ; Windows 7 ; 6.2        ; x86_64         ;
; EDA Netlist Writer        ; LAB-HP-43        ; Windows 7 ; 6.2        ; x86_64         ;
; EDA Netlist Writer        ; LAB-HP-43        ; Windows 7 ; 6.2        ; x86_64         ;
; EDA Netlist Writer        ; LAB-HP-43        ; Windows 7 ; 6.2        ; x86_64         ;
; EDA Netlist Writer        ; LAB-HP-34        ; Windows 7 ; 6.2        ; x86_64         ;
; EDA Netlist Writer        ; LAB-HP-34        ; Windows 7 ; 6.2        ; x86_64         ;
+---------------------------+------------------+-----------+------------+----------------+


------------
; Flow Log ;
------------
quartus_map --read_settings_files=on --write_settings_files=off Simple_ALU -c Simple_ALU
quartus_fit --read_settings_files=off --write_settings_files=off Simple_ALU -c Simple_ALU
quartus_asm --read_settings_files=off --write_settings_files=off Simple_ALU -c Simple_ALU
quartus_sta Simple_ALU -c Simple_ALU
quartus_eda --read_settings_files=off --write_settings_files=off Simple_ALU -c Simple_ALU
quartus_eda --gen_testbench --check_outputs=on --tool=modelsim_oem --format=verilog --write_settings_files=off Simple_ALU -c Simple_ALU --vector_source=W:/Altera/Simple_ALU/Waveform.vwf --testbench_file=W:/Altera/Simple_ALU/simulation/qsim/Waveform.vwf.vt
quartus_eda --write_settings_files=off --functional=on --flatten_buses=off --simulation=on --tool=modelsim_oem --format=verilog --output_directory=W:/Altera/Simple_ALU/simulation/qsim/ Simple_ALU -c Simple_ALU
quartus_eda --gen_testbench --check_outputs=on --tool=modelsim_oem --format=verilog --write_settings_files=off Simple_ALU -c Simple_ALU --vector_source=W:/Altera/Simple_ALU/Waveform.vwf --testbench_file=W:/Altera/Simple_ALU/simulation/qsim/Waveform.vwf.vt
quartus_eda --write_settings_files=off --functional=on --flatten_buses=off --simulation=on --tool=modelsim_oem --format=verilog --output_directory=W:/Altera/Simple_ALU/simulation/qsim/ Simple_ALU -c Simple_ALU
quartus_eda --gen_testbench --check_outputs=on --tool=modelsim_oem --format=verilog --write_settings_files=off Simple_ALU -c Simple_ALU --vector_source=W:/Altera/Simple_ALU/Waveform.vwf --testbench_file=W:/Altera/Simple_ALU/simulation/qsim/Waveform.vwf.vt
quartus_eda --write_settings_files=off --functional=on --flatten_buses=off --simulation=on --tool=modelsim_oem --format=verilog --output_directory=W:/Altera/Simple_ALU/simulation/qsim/ Simple_ALU -c Simple_ALU
quartus_eda --gen_testbench --check_outputs=on --tool=modelsim_oem --format=verilog --write_settings_files=off Simple_ALU -c Simple_ALU --vector_source=W:/Altera/Simple_ALU/Waveform1.vwf --testbench_file=W:/Altera/Simple_ALU/simulation/qsim/Waveform1.vwf.vt
quartus_eda --write_settings_files=off --functional=on --flatten_buses=off --simulation=on --tool=modelsim_oem --format=verilog --output_directory=W:/Altera/Simple_ALU/simulation/qsim/ Simple_ALU -c Simple_ALU
quartus_eda --gen_testbench --check_outputs=on --tool=modelsim_oem --format=verilog --write_settings_files=off Simple_ALU -c Simple_ALU --vector_source=W:/Altera/Simple_ALU/Waveform1.vwf --testbench_file=W:/Altera/Simple_ALU/simulation/qsim/Waveform1.vwf.vt
quartus_eda --write_settings_files=off --functional=on --flatten_buses=off --simulation=on --tool=modelsim_oem --format=verilog --output_directory=W:/Altera/Simple_ALU/simulation/qsim/ Simple_ALU -c Simple_ALU
quartus_eda --gen_testbench --check_outputs=on --tool=modelsim_oem --format=verilog --write_settings_files=off Simple_ALU -c Simple_ALU --vector_source=W:/Altera/Simple_ALU/Waveform1.vwf --testbench_file=W:/Altera/Simple_ALU/simulation/qsim/Waveform1.vwf.vt
quartus_eda --write_settings_files=off --functional=on --flatten_buses=off --simulation=on --tool=modelsim_oem --format=verilog --output_directory=W:/Altera/Simple_ALU/simulation/qsim/ Simple_ALU -c Simple_ALU
quartus_eda --gen_testbench --check_outputs=on --tool=modelsim_oem --format=verilog --write_settings_files=off Simple_ALU -c Simple_ALU --vector_source=W:/Altera/Simple_ALU/Waveform1.vwf --testbench_file=W:/Altera/Simple_ALU/simulation/qsim/Waveform1.vwf.vt
quartus_eda --write_settings_files=off --functional=on --flatten_buses=off --simulation=on --tool=modelsim_oem --format=verilog --output_directory=W:/Altera/Simple_ALU/simulation/qsim/ Simple_ALU -c Simple_ALU
quartus_eda --gen_testbench --check_outputs=on --tool=modelsim_oem --format=verilog --write_settings_files=off Simple_ALU -c Simple_ALU --vector_source=W:/Altera/Simple_ALU/Waveform.vwf --testbench_file=W:/Altera/Simple_ALU/simulation/qsim/Waveform.vwf.vt
quartus_eda --write_settings_files=off --functional=off --flatten_buses=off --timescale=1ps --simulation=on --tool=modelsim_oem --format=verilog --output_directory=W:/Altera/Simple_ALU/simulation/qsim/ Simple_ALU -c Simple_ALU



