Flow report for Counter
Wed Apr 11 17:36:34 2018
Quartus Prime Version 17.1.0 Build 590 10/25/2017 SJ Lite Edition


---------------------
; Table of Contents ;
---------------------
  1. Legal Notice
  2. Flow Summary
  3. Flow Settings
  4. Flow Non-Default Global Settings
  5. Flow Elapsed Time
  6. Flow OS Summary
  7. Flow Log
  8. Flow Messages
  9. Flow Suppressed Messages



----------------
; Legal Notice ;
----------------
Copyright (C) 2017  Intel Corporation. All rights reserved.
Your use of Intel Corporation's design tools, logic functions 
and other software and tools, and its AMPP partner logic 
functions, and any output files from any of the foregoing 
(including device programming or simulation files), and any 
associated documentation or information are expressly subject 
to the terms and conditions of the Intel Program License 
Subscription Agreement, the Intel Quartus Prime License Agreement,
the Intel FPGA IP License Agreement, or other applicable license
agreement, including, without limitation, that your use is for
the sole purpose of programming logic devices manufactured by
Intel and sold by Intel or its authorized distributors.  Please
refer to the applicable agreement for further details.



+----------------------------------------------------------------------------------------+
; Flow Summary                                                                           ;
+---------------------------------+------------------------------------------------------+
; Flow Status                     ; EDA Netlist Writer Failed - Wed Apr 11 17:36:34 2018 ;
; Quartus Prime Version           ; 17.1.0 Build 590 10/25/2017 SJ Lite Edition          ;
; Revision Name                   ; Counter                                              ;
; Top-level Entity Name           ; mips_control                                         ;
; Family                          ; Cyclone V                                            ;
; Device                          ; 5CGXFC7C7F23C8                                       ;
; Timing Models                   ; Final                                                ;
; Logic utilization (in ALMs)     ; 25 / 56,480 ( < 1 % )                                ;
; Total registers                 ; 0                                                    ;
; Total pins                      ; 31 / 268 ( 12 % )                                    ;
; Total virtual pins              ; 0                                                    ;
; Total block memory bits         ; 0 / 7,024,640 ( 0 % )                                ;
; Total DSP Blocks                ; 0 / 156 ( 0 % )                                      ;
; Total HSSI RX PCSs              ; 0 / 6 ( 0 % )                                        ;
; Total HSSI PMA RX Deserializers ; 0 / 6 ( 0 % )                                        ;
; Total HSSI TX PCSs              ; 0 / 6 ( 0 % )                                        ;
; Total HSSI PMA TX Serializers   ; 0 / 6 ( 0 % )                                        ;
; Total PLLs                      ; 0 / 13 ( 0 % )                                       ;
; Total DLLs                      ; 0 / 4 ( 0 % )                                        ;
+---------------------------------+------------------------------------------------------+


+-----------------------------------------+
; Flow Settings                           ;
+-------------------+---------------------+
; Option            ; Setting             ;
+-------------------+---------------------+
; Start date & time ; 04/11/2018 11:21:24 ;
; Main task         ; Compilation         ;
; Revision Name     ; Counter             ;
+-------------------+---------------------+


+------------------------------------------------------------------------------------------------------------------------------+
; Flow Non-Default Global Settings                                                                                             ;
+-------------------------------------+----------------------------------------+---------------+--------------+----------------+
; Assignment Name                     ; Value                                  ; Default Value ; Entity Name  ; Section Id     ;
+-------------------------------------+----------------------------------------+---------------+--------------+----------------+
; COMPILER_SIGNATURE_ID               ; 167690709057788.152346008311356        ; --            ; --           ; --             ;
; EDA_OUTPUT_DATA_FORMAT              ; Vhdl                                   ; --            ; --           ; eda_simulation ;
; EDA_SIMULATION_TOOL                 ; ModelSim-Altera (VHDL)                 ; <None>        ; --           ; --             ;
; MAX_CORE_JUNCTION_TEMP              ; 85                                     ; --            ; --           ; --             ;
; MIN_CORE_JUNCTION_TEMP              ; 0                                      ; --            ; --           ; --             ;
; MISC_FILE                           ; file2.cmp                              ; --            ; --           ; --             ;
; PARTITION_COLOR                     ; -- (Not supported for targeted family) ; --            ; mips_control ; Top            ;
; PARTITION_FITTER_PRESERVATION_LEVEL ; -- (Not supported for targeted family) ; --            ; mips_control ; Top            ;
; PARTITION_NETLIST_TYPE              ; -- (Not supported for targeted family) ; --            ; mips_control ; Top            ;
; POWER_BOARD_THERMAL_MODEL           ; None (CONSERVATIVE)                    ; --            ; --           ; --             ;
; POWER_PRESET_COOLING_SOLUTION       ; 23 MM HEAT SINK WITH 200 LFPM AIRFLOW  ; --            ; --           ; --             ;
; PROJECT_OUTPUT_DIRECTORY            ; output_files                           ; --            ; --           ; --             ;
; TOP_LEVEL_ENTITY                    ; mips_control                           ; Counter       ; --           ; --             ;
+-------------------------------------+----------------------------------------+---------------+--------------+----------------+


+-------------------------------------------------------------------------------------------------------------------------------+
; Flow Elapsed Time                                                                                                             ;
+---------------------------+--------------+-------------------------+---------------------+------------------------------------+
; Module Name               ; Elapsed Time ; Average Processors Used ; Peak Virtual Memory ; Total CPU Time (on all processors) ;
+---------------------------+--------------+-------------------------+---------------------+------------------------------------+
; Analysis & Synthesis      ; 00:00:31     ; 1.0                     ; 791 MB              ; 00:00:45                           ;
; Fitter                    ; 00:01:01     ; 1.0                     ; 2345 MB             ; 00:01:21                           ;
; Assembler                 ; 00:00:15     ; 1.0                     ; 746 MB              ; 00:00:11                           ;
; TimeQuest Timing Analyzer ; 00:00:12     ; 1.0                     ; 1080 MB             ; 00:00:11                           ;
; EDA Netlist Writer        ; 00:00:02     ; 1.0                     ; 659 MB              ; 00:00:03                           ;
; EDA Netlist Writer        ; 00:00:02     ; 1.0                     ; 634 MB              ; 00:00:01                           ;
; EDA Netlist Writer        ; 00:00:02     ; 1.0                     ; 643 MB              ; 00:00:01                           ;
; EDA Netlist Writer        ; 00:00:02     ; 1.0                     ; 634 MB              ; 00:00:01                           ;
; EDA Netlist Writer        ; 00:00:02     ; 1.0                     ; 643 MB              ; 00:00:01                           ;
; EDA Netlist Writer        ; 00:00:02     ; 1.0                     ; 634 MB              ; 00:00:01                           ;
; EDA Netlist Writer        ; 00:00:02     ; 1.0                     ; 643 MB              ; 00:00:02                           ;
; EDA Netlist Writer        ; 00:00:01     ; 1.0                     ; 633 MB              ; 00:00:01                           ;
; EDA Netlist Writer        ; 00:00:01     ; 1.0                     ; 643 MB              ; 00:00:01                           ;
; EDA Netlist Writer        ; 00:00:05     ; 1.0                     ; 633 MB              ; 00:00:01                           ;
; EDA Netlist Writer        ; 00:00:02     ; 1.0                     ; 643 MB              ; 00:00:01                           ;
; EDA Netlist Writer        ; 00:00:02     ; 1.0                     ; 634 MB              ; 00:00:02                           ;
; EDA Netlist Writer        ; 00:00:02     ; 1.0                     ; 634 MB              ; 00:00:02                           ;
; EDA Netlist Writer        ; 00:00:02     ; 1.0                     ; 634 MB              ; 00:00:02                           ;
; EDA Netlist Writer        ; 00:00:02     ; 1.0                     ; 643 MB              ; 00:00:02                           ;
; EDA Netlist Writer        ; 00:00:02     ; 1.0                     ; 634 MB              ; 00:00:02                           ;
; EDA Netlist Writer        ; 00:00:03     ; 1.0                     ; 658 MB              ; 00:00:03                           ;
; EDA Netlist Writer        ; 00:00:03     ; 1.0                     ; 634 MB              ; 00:00:02                           ;
; EDA Netlist Writer        ; 00:00:03     ; 1.0                     ; 643 MB              ; 00:00:02                           ;
; EDA Netlist Writer        ; 00:00:02     ; 1.0                     ; 634 MB              ; 00:00:02                           ;
; Total                     ; 00:02:43     ; --                      ; --                  ; 00:03:01                           ;
+---------------------------+--------------+-------------------------+---------------------+------------------------------------+


+-----------------------------------------------------------------------------------------+
; Flow OS Summary                                                                         ;
+---------------------------+------------------+------------+------------+----------------+
; Module Name               ; Machine Hostname ; OS Name    ; OS Version ; Processor type ;
+---------------------------+------------------+------------+------------+----------------+
; Analysis & Synthesis      ; GlaDos           ; Windows 10 ; 10.0       ; x86_64         ;
; Fitter                    ; GlaDos           ; Windows 10 ; 10.0       ; x86_64         ;
; Assembler                 ; GlaDos           ; Windows 10 ; 10.0       ; x86_64         ;
; TimeQuest Timing Analyzer ; GlaDos           ; Windows 10 ; 10.0       ; x86_64         ;
; EDA Netlist Writer        ; GlaDos           ; Windows 10 ; 10.0       ; x86_64         ;
; EDA Netlist Writer        ; GlaDos           ; Windows 10 ; 10.0       ; x86_64         ;
; EDA Netlist Writer        ; GlaDos           ; Windows 10 ; 10.0       ; x86_64         ;
; EDA Netlist Writer        ; GlaDos           ; Windows 10 ; 10.0       ; x86_64         ;
; EDA Netlist Writer        ; GlaDos           ; Windows 10 ; 10.0       ; x86_64         ;
; EDA Netlist Writer        ; GlaDos           ; Windows 10 ; 10.0       ; x86_64         ;
; EDA Netlist Writer        ; GlaDos           ; Windows 10 ; 10.0       ; x86_64         ;
; EDA Netlist Writer        ; GlaDos           ; Windows 10 ; 10.0       ; x86_64         ;
; EDA Netlist Writer        ; GlaDos           ; Windows 10 ; 10.0       ; x86_64         ;
; EDA Netlist Writer        ; GlaDos           ; Windows 10 ; 10.0       ; x86_64         ;
; EDA Netlist Writer        ; GlaDos           ; Windows 10 ; 10.0       ; x86_64         ;
; EDA Netlist Writer        ; GlaDos           ; Windows 10 ; 10.0       ; x86_64         ;
; EDA Netlist Writer        ; GlaDos           ; Windows 10 ; 10.0       ; x86_64         ;
; EDA Netlist Writer        ; GlaDos           ; Windows 10 ; 10.0       ; x86_64         ;
; EDA Netlist Writer        ; GlaDos           ; Windows 10 ; 10.0       ; x86_64         ;
; EDA Netlist Writer        ; GlaDos           ; Windows 10 ; 10.0       ; x86_64         ;
; EDA Netlist Writer        ; GlaDos           ; Windows 10 ; 10.0       ; x86_64         ;
; EDA Netlist Writer        ; GlaDos           ; Windows 10 ; 10.0       ; x86_64         ;
; EDA Netlist Writer        ; GlaDos           ; Windows 10 ; 10.0       ; x86_64         ;
; EDA Netlist Writer        ; GlaDos           ; Windows 10 ; 10.0       ; x86_64         ;
+---------------------------+------------------+------------+------------+----------------+


------------
; Flow Log ;
------------
quartus_map --read_settings_files=on --write_settings_files=off Counter -c Counter
quartus_fit --read_settings_files=off --write_settings_files=off Counter -c Counter
quartus_asm --read_settings_files=off --write_settings_files=off Counter -c Counter
quartus_sta Counter -c Counter
quartus_eda --read_settings_files=off --write_settings_files=off Counter -c Counter
quartus_eda --gen_testbench --tool=modelsim_oem --format=vhdl --write_settings_files=off Counter -c Counter --vector_source=C:/Users/DillonBritt/Documents/Labs_Offline/7/old/Counter_Lab_7/Waveform6.vwf --testbench_file=C:/Users/DillonBritt/Documents/Labs_Offline/7/old/Counter_Lab_7/simulation/qsim/Waveform6.vwf.vht
quartus_eda --write_settings_files=off --simulation=on --functional=on --flatten_buses=off --tool=modelsim_oem --format=vhdl --output_directory=C:/Users/DillonBritt/Documents/Labs_Offline/7/old/Counter_Lab_7/simulation/qsim/ Counter -c Counter
quartus_eda --gen_testbench --tool=modelsim_oem --format=vhdl --write_settings_files=off Counter -c Counter --vector_source=C:/Users/DillonBritt/Documents/Labs_Offline/7/old/Counter_Lab_7/Waveform6.vwf --testbench_file=C:/Users/DillonBritt/Documents/Labs_Offline/7/old/Counter_Lab_7/simulation/qsim/Waveform6.vwf.vht
quartus_eda --write_settings_files=off --simulation=on --functional=on --flatten_buses=off --tool=modelsim_oem --format=vhdl --output_directory=C:/Users/DillonBritt/Documents/Labs_Offline/7/old/Counter_Lab_7/simulation/qsim/ Counter -c Counter
quartus_eda --gen_testbench --tool=modelsim_oem --format=vhdl --write_settings_files=off Counter -c Counter --vector_source=C:/Users/DillonBritt/Documents/Labs_Offline/7/old/Counter_Lab_7/Waveform6.vwf --testbench_file=C:/Users/DillonBritt/Documents/Labs_Offline/7/old/Counter_Lab_7/simulation/qsim/Waveform6.vwf.vht
quartus_eda --write_settings_files=off --simulation=on --functional=on --flatten_buses=off --tool=modelsim_oem --format=vhdl --output_directory=C:/Users/DillonBritt/Documents/Labs_Offline/7/old/Counter_Lab_7/simulation/qsim/ Counter -c Counter
quartus_eda --gen_testbench --tool=modelsim_oem --format=vhdl --write_settings_files=off Counter -c Counter --vector_source=C:/Users/DillonBritt/Documents/Labs_Offline/7/old/Counter_Lab_7/Waveform6.vwf --testbench_file=C:/Users/DillonBritt/Documents/Labs_Offline/7/old/Counter_Lab_7/simulation/qsim/Waveform6.vwf.vht
quartus_eda --write_settings_files=off --simulation=on --functional=on --flatten_buses=off --tool=modelsim_oem --format=vhdl --output_directory=C:/Users/DillonBritt/Documents/Labs_Offline/7/old/Counter_Lab_7/simulation/qsim/ Counter -c Counter
quartus_eda --gen_testbench --tool=modelsim_oem --format=vhdl --write_settings_files=off Counter -c Counter --vector_source=C:/Users/DillonBritt/Documents/Labs_Offline/7/old/Counter_Lab_7/Waveform6.vwf --testbench_file=C:/Users/DillonBritt/Documents/Labs_Offline/7/old/Counter_Lab_7/simulation/qsim/Waveform6.vwf.vht
quartus_eda --write_settings_files=off --simulation=on --functional=on --flatten_buses=off --tool=modelsim_oem --format=vhdl --output_directory=C:/Users/DillonBritt/Documents/Labs_Offline/7/old/Counter_Lab_7/simulation/qsim/ Counter -c Counter
quartus_eda --gen_testbench --tool=modelsim_oem --format=vhdl --write_settings_files=off Counter -c Counter --vector_source=C:/Users/DillonBritt/Documents/Counter_Lab_7/Waveform1.vwf --testbench_file=C:/Users/DillonBritt/Documents/Counter_Lab_7/simulation/qsim/Waveform1.vwf.vht
quartus_eda --gen_testbench --tool=modelsim_oem --format=vhdl --write_settings_files=off Counter -c Counter --vector_source=C:/Users/DillonBritt/Documents/Counter_Lab_7/Waveform1.vwf --testbench_file=C:/Users/DillonBritt/Documents/Counter_Lab_7/simulation/qsim/Waveform1.vwf.vht
quartus_eda --gen_testbench --tool=modelsim_oem --format=vhdl --write_settings_files=off Counter -c Counter --vector_source=C:/Users/DillonBritt/Documents/Labs_Offline/7/old/Counter_Lab_7/Waveform6.vwf --testbench_file=C:/Users/DillonBritt/Documents/Labs_Offline/7/old/Counter_Lab_7/simulation/qsim/Waveform6.vwf.vht
quartus_eda --write_settings_files=off --simulation=on --functional=on --flatten_buses=off --tool=modelsim_oem --format=vhdl --output_directory=C:/Users/DillonBritt/Documents/Labs_Offline/7/old/Counter_Lab_7/simulation/qsim/ Counter -c Counter
quartus_eda --gen_testbench --tool=modelsim_oem --format=vhdl --write_settings_files=off Counter -c Counter --vector_source=C:/Users/DillonBritt/Documents/Labs_Offline/7/old/Counter_Lab_7/Waveform5.vwf --testbench_file=C:/Users/DillonBritt/Documents/Labs_Offline/7/old/Counter_Lab_7/simulation/qsim/Waveform5.vwf.vht
quartus_eda --write_settings_files=off --simulation=on --functional=off --flatten_buses=off --timescale=1ps --tool=modelsim_oem --format=vhdl --output_directory=C:/Users/DillonBritt/Documents/Labs_Offline/7/old/Counter_Lab_7/simulation/qsim/ Counter -c Counter
quartus_eda --gen_testbench --tool=modelsim_oem --format=vhdl --write_settings_files=off Counter -c Counter --vector_source=C:/Users/DillonBritt/Documents/Labs_Offline/7/old/Counter_Lab_7/Waveform5.vwf --testbench_file=C:/Users/DillonBritt/Documents/Labs_Offline/7/old/Counter_Lab_7/simulation/qsim/Waveform5.vwf.vht
quartus_eda --write_settings_files=off --simulation=on --functional=on --flatten_buses=off --tool=modelsim_oem --format=vhdl --output_directory=C:/Users/DillonBritt/Documents/Labs_Offline/7/old/Counter_Lab_7/simulation/qsim/ Counter -c Counter
quartus_eda --gen_testbench --tool=modelsim_oem --format=vhdl --write_settings_files=off Counter -c Counter --vector_source=C:/Users/DillonBritt/Documents/Counter_Lab_7/Waveform1.vwf --testbench_file=C:/Users/DillonBritt/Documents/Counter_Lab_7/simulation/qsim/Waveform1.vwf.vht



