Analysis & Synthesis report for Counter
Wed Apr 11 11:21:55 2018
Quartus Prime Version 17.1.0 Build 590 10/25/2017 SJ Lite Edition


---------------------
; Table of Contents ;
---------------------
  1. Legal Notice
  2. Analysis & Synthesis Summary
  3. Analysis & Synthesis Settings
  4. Parallel Compilation
  5. Analysis & Synthesis Source Files Read
  6. Analysis & Synthesis Resource Usage Summary
  7. Analysis & Synthesis Resource Utilization by Entity
  8. User-Specified and Inferred Latches
  9. General Register Statistics
 10. Post-Synthesis Netlist Statistics for Top Partition
 11. Elapsed Time Per Partition
 12. Analysis & Synthesis Messages



----------------
; Legal Notice ;
----------------
Copyright (C) 2017  Intel Corporation. All rights reserved.
Your use of Intel Corporation's design tools, logic functions 
and other software and tools, and its AMPP partner logic 
functions, and any output files from any of the foregoing 
(including device programming or simulation files), and any 
associated documentation or information are expressly subject 
to the terms and conditions of the Intel Program License 
Subscription Agreement, the Intel Quartus Prime License Agreement,
the Intel FPGA IP License Agreement, or other applicable license
agreement, including, without limitation, that your use is for
the sole purpose of programming logic devices manufactured by
Intel and sold by Intel or its authorized distributors.  Please
refer to the applicable agreement for further details.



+-------------------------------------------------------------------------------+
; Analysis & Synthesis Summary                                                  ;
+---------------------------------+---------------------------------------------+
; Analysis & Synthesis Status     ; Successful - Wed Apr 11 11:21:55 2018       ;
; Quartus Prime Version           ; 17.1.0 Build 590 10/25/2017 SJ Lite Edition ;
; Revision Name                   ; Counter                                     ;
; Top-level Entity Name           ; mips_control                                ;
; Family                          ; Cyclone V                                   ;
; Logic utilization (in ALMs)     ; N/A                                         ;
; Total registers                 ; 0                                           ;
; Total pins                      ; 31                                          ;
; Total virtual pins              ; 0                                           ;
; Total block memory bits         ; 0                                           ;
; Total DSP Blocks                ; 0                                           ;
; Total HSSI RX PCSs              ; 0                                           ;
; Total HSSI PMA RX Deserializers ; 0                                           ;
; Total HSSI TX PCSs              ; 0                                           ;
; Total HSSI PMA TX Serializers   ; 0                                           ;
; Total PLLs                      ; 0                                           ;
; Total DLLs                      ; 0                                           ;
+---------------------------------+---------------------------------------------+


+---------------------------------------------------------------------------------------------------------------------------+
; Analysis & Synthesis Settings                                                                                             ;
+---------------------------------------------------------------------------------+--------------------+--------------------+
; Option                                                                          ; Setting            ; Default Value      ;
+---------------------------------------------------------------------------------+--------------------+--------------------+
; Device                                                                          ; 5CGXFC7C7F23C8     ;                    ;
; Top-level entity name                                                           ; mips_control       ; Counter            ;
; Family name                                                                     ; Cyclone V          ; Cyclone V          ;
; Use smart compilation                                                           ; Off                ; Off                ;
; Enable parallel Assembler and TimeQuest Timing Analyzer during compilation      ; On                 ; On                 ;
; Enable compact report table                                                     ; Off                ; Off                ;
; Restructure Multiplexers                                                        ; Auto               ; Auto               ;
; MLAB Add Timing Constraints For Mixed-Port Feed-Through Mode Setting Don't Care ; Off                ; Off                ;
; Create Debugging Nodes for IP Cores                                             ; Off                ; Off                ;
; Preserve fewer node names                                                       ; On                 ; On                 ;
; Intel FPGA IP Evaluation Mode                                                   ; Enable             ; Enable             ;
; Verilog Version                                                                 ; Verilog_2001       ; Verilog_2001       ;
; VHDL Version                                                                    ; VHDL_1993          ; VHDL_1993          ;
; State Machine Processing                                                        ; Auto               ; Auto               ;
; Safe State Machine                                                              ; Off                ; Off                ;
; Extract Verilog State Machines                                                  ; On                 ; On                 ;
; Extract VHDL State Machines                                                     ; On                 ; On                 ;
; Ignore Verilog initial constructs                                               ; Off                ; Off                ;
; Iteration limit for constant Verilog loops                                      ; 5000               ; 5000               ;
; Iteration limit for non-constant Verilog loops                                  ; 250                ; 250                ;
; Add Pass-Through Logic to Inferred RAMs                                         ; On                 ; On                 ;
; Infer RAMs from Raw Logic                                                       ; On                 ; On                 ;
; Parallel Synthesis                                                              ; On                 ; On                 ;
; DSP Block Balancing                                                             ; Auto               ; Auto               ;
; NOT Gate Push-Back                                                              ; On                 ; On                 ;
; Power-Up Don't Care                                                             ; On                 ; On                 ;
; Remove Redundant Logic Cells                                                    ; Off                ; Off                ;
; Remove Duplicate Registers                                                      ; On                 ; On                 ;
; Ignore CARRY Buffers                                                            ; Off                ; Off                ;
; Ignore CASCADE Buffers                                                          ; Off                ; Off                ;
; Ignore GLOBAL Buffers                                                           ; Off                ; Off                ;
; Ignore ROW GLOBAL Buffers                                                       ; Off                ; Off                ;
; Ignore LCELL Buffers                                                            ; Off                ; Off                ;
; Ignore SOFT Buffers                                                             ; On                 ; On                 ;
; Limit AHDL Integers to 32 Bits                                                  ; Off                ; Off                ;
; Optimization Technique                                                          ; Balanced           ; Balanced           ;
; Carry Chain Length                                                              ; 70                 ; 70                 ;
; Auto Carry Chains                                                               ; On                 ; On                 ;
; Auto Open-Drain Pins                                                            ; On                 ; On                 ;
; Perform WYSIWYG Primitive Resynthesis                                           ; Off                ; Off                ;
; Auto ROM Replacement                                                            ; On                 ; On                 ;
; Auto RAM Replacement                                                            ; On                 ; On                 ;
; Auto DSP Block Replacement                                                      ; On                 ; On                 ;
; Auto Shift Register Replacement                                                 ; Auto               ; Auto               ;
; Allow Shift Register Merging across Hierarchies                                 ; Auto               ; Auto               ;
; Auto Clock Enable Replacement                                                   ; On                 ; On                 ;
; Strict RAM Replacement                                                          ; Off                ; Off                ;
; Allow Synchronous Control Signals                                               ; On                 ; On                 ;
; Force Use of Synchronous Clear Signals                                          ; Off                ; Off                ;
; Auto Resource Sharing                                                           ; Off                ; Off                ;
; Allow Any RAM Size For Recognition                                              ; Off                ; Off                ;
; Allow Any ROM Size For Recognition                                              ; Off                ; Off                ;
; Allow Any Shift Register Size For Recognition                                   ; Off                ; Off                ;
; Use LogicLock Constraints during Resource Balancing                             ; On                 ; On                 ;
; Ignore translate_off and synthesis_off directives                               ; Off                ; Off                ;
; Timing-Driven Synthesis                                                         ; On                 ; On                 ;
; Report Parameter Settings                                                       ; On                 ; On                 ;
; Report Source Assignments                                                       ; On                 ; On                 ;
; Report Connectivity Checks                                                      ; On                 ; On                 ;
; Ignore Maximum Fan-Out Assignments                                              ; Off                ; Off                ;
; Synchronization Register Chain Length                                           ; 3                  ; 3                  ;
; Power Optimization During Synthesis                                             ; Normal compilation ; Normal compilation ;
; HDL message level                                                               ; Level2             ; Level2             ;
; Suppress Register Optimization Related Messages                                 ; Off                ; Off                ;
; Number of Removed Registers Reported in Synthesis Report                        ; 5000               ; 5000               ;
; Number of Swept Nodes Reported in Synthesis Report                              ; 5000               ; 5000               ;
; Number of Inverted Registers Reported in Synthesis Report                       ; 100                ; 100                ;
; Clock MUX Protection                                                            ; On                 ; On                 ;
; Auto Gated Clock Conversion                                                     ; Off                ; Off                ;
; Block Design Naming                                                             ; Auto               ; Auto               ;
; SDC constraint protection                                                       ; Off                ; Off                ;
; Synthesis Effort                                                                ; Auto               ; Auto               ;
; Shift Register Replacement - Allow Asynchronous Clear Signal                    ; On                 ; On                 ;
; Pre-Mapping Resynthesis Optimization                                            ; Off                ; Off                ;
; Analysis & Synthesis Message Level                                              ; Medium             ; Medium             ;
; Disable Register Merging Across Hierarchies                                     ; Auto               ; Auto               ;
; Resource Aware Inference For Block RAM                                          ; On                 ; On                 ;
; Automatic Parallel Synthesis                                                    ; On                 ; On                 ;
; Partial Reconfiguration Bitstream ID                                            ; Off                ; Off                ;
+---------------------------------------------------------------------------------+--------------------+--------------------+


+------------------------------------------+
; Parallel Compilation                     ;
+----------------------------+-------------+
; Processors                 ; Number      ;
+----------------------------+-------------+
; Number detected on machine ; 4           ;
; Maximum allowed            ; 2           ;
;                            ;             ;
; Average used               ; 1.00        ;
; Maximum used               ; 2           ;
;                            ;             ;
; Usage by Processor         ; % Time Used ;
;     Processor 1            ; 100.0%      ;
;     Processor 2            ;   0.0%      ;
+----------------------------+-------------+


+-------------------------------------------------------------------------------------------------------------------------------------------------------------------+
; Analysis & Synthesis Source Files Read                                                                                                                            ;
+----------------------------------+-----------------+-----------------+----------------------------------------------------------------------------------+---------+
; File Name with User-Entered Path ; Used in Netlist ; File Type       ; File Name with Absolute Path                                                     ; Library ;
+----------------------------------+-----------------+-----------------+----------------------------------------------------------------------------------+---------+
; mips_control.vhd                 ; yes             ; User VHDL File  ; C:/Users/DillonBritt/Documents/Labs_Offline/7/old/Counter_Lab_7/mips_control.vhd ;         ;
+----------------------------------+-----------------+-----------------+----------------------------------------------------------------------------------+---------+


+---------------------------------------------------------------+
; Analysis & Synthesis Resource Usage Summary                   ;
+---------------------------------------------+-----------------+
; Resource                                    ; Usage           ;
+---------------------------------------------+-----------------+
; Estimate of Logic utilization (ALMs needed) ; 24              ;
;                                             ;                 ;
; Combinational ALUT usage for logic          ; 38              ;
;     -- 7 input functions                    ; 1               ;
;     -- 6 input functions                    ; 9               ;
;     -- 5 input functions                    ; 9               ;
;     -- 4 input functions                    ; 9               ;
;     -- <=3 input functions                  ; 10              ;
;                                             ;                 ;
; Dedicated logic registers                   ; 0               ;
;                                             ;                 ;
; I/O pins                                    ; 31              ;
;                                             ;                 ;
; Total DSP Blocks                            ; 0               ;
;                                             ;                 ;
; Maximum fan-out node                        ; opcode[0]~input ;
; Maximum fan-out                             ; 15              ;
; Total fan-out                               ; 216             ;
; Average fan-out                             ; 2.16            ;
+---------------------------------------------+-----------------+


+-----------------------------------------------------------------------------------------------------------------------------------------------------------------------------------------+
; Analysis & Synthesis Resource Utilization by Entity                                                                                                                                     ;
+----------------------------+---------------------+---------------------------+-------------------+------------+------+--------------+---------------------+--------------+--------------+
; Compilation Hierarchy Node ; Combinational ALUTs ; Dedicated Logic Registers ; Block Memory Bits ; DSP Blocks ; Pins ; Virtual Pins ; Full Hierarchy Name ; Entity Name  ; Library Name ;
+----------------------------+---------------------+---------------------------+-------------------+------------+------+--------------+---------------------+--------------+--------------+
; |mips_control              ; 38 (38)             ; 0 (0)                     ; 0                 ; 0          ; 31   ; 0            ; |mips_control       ; mips_control ; work         ;
+----------------------------+---------------------+---------------------------+-------------------+------------+------+--------------+---------------------+--------------+--------------+
Note: For table entries with two numbers listed, the numbers in parentheses indicate the number of resources of the given type used by the specific entity alone. The numbers listed outside of parentheses indicate the total resources of the given type used by the specific entity and all of its sub-entities in the hierarchy.


+---------------------------------------------------------------------------------------------------+
; User-Specified and Inferred Latches                                                               ;
+----------------------------------------------------+---------------------+------------------------+
; Latch Name                                         ; Latch Enable Signal ; Free of Timing Hazards ;
+----------------------------------------------------+---------------------+------------------------+
; ALUControl[0]$latch                                ; Mux21               ; yes                    ;
; ALUControl[1]$latch                                ; Mux21               ; yes                    ;
; ALUControl[2]$latch                                ; Mux21               ; yes                    ;
; ALUControl[3]$latch                                ; Mux21               ; yes                    ;
; Number of user-specified and inferred latches = 4  ;                     ;                        ;
+----------------------------------------------------+---------------------+------------------------+
Note: All latches listed above may not be present at the end of synthesis due to various synthesis optimizations.


+------------------------------------------------------+
; General Register Statistics                          ;
+----------------------------------------------+-------+
; Statistic                                    ; Value ;
+----------------------------------------------+-------+
; Total registers                              ; 0     ;
; Number of registers using Synchronous Clear  ; 0     ;
; Number of registers using Synchronous Load   ; 0     ;
; Number of registers using Asynchronous Clear ; 0     ;
; Number of registers using Asynchronous Load  ; 0     ;
; Number of registers using Clock Enable       ; 0     ;
; Number of registers using Preset             ; 0     ;
+----------------------------------------------+-------+


+-----------------------------------------------------+
; Post-Synthesis Netlist Statistics for Top Partition ;
+-----------------------+-----------------------------+
; Type                  ; Count                       ;
+-----------------------+-----------------------------+
; arriav_lcell_comb     ; 40                          ;
;     extend            ; 1                           ;
;         7 data inputs ; 1                           ;
;     normal            ; 39                          ;
;         0 data inputs ; 1                           ;
;         1 data inputs ; 1                           ;
;         2 data inputs ; 1                           ;
;         3 data inputs ; 9                           ;
;         4 data inputs ; 9                           ;
;         5 data inputs ; 9                           ;
;         6 data inputs ; 9                           ;
; boundary_port         ; 31                          ;
;                       ;                             ;
; Max LUT depth         ; 3.00                        ;
; Average LUT depth     ; 2.60                        ;
+-----------------------+-----------------------------+


+-------------------------------+
; Elapsed Time Per Partition    ;
+----------------+--------------+
; Partition Name ; Elapsed Time ;
+----------------+--------------+
; Top            ; 00:00:01     ;
+----------------+--------------+


+-------------------------------+
; Analysis & Synthesis Messages ;
+-------------------------------+
Info: *******************************************************************
Info: Running Quartus Prime Analysis & Synthesis
    Info: Version 17.1.0 Build 590 10/25/2017 SJ Lite Edition
    Info: Processing started: Wed Apr 11 11:21:23 2018
Info: Command: quartus_map --read_settings_files=on --write_settings_files=off Counter -c Counter
Warning (18236): Number of processors has not been specified which may cause overloading on shared machines.  Set the global assignment NUM_PARALLEL_PROCESSORS in your QSF to an appropriate value for best performance.
Info (20030): Parallel compilation is enabled and will use 2 of the 2 processors detected
Info (12021): Found 2 design units, including 1 entities, in source file register_file.vhd
    Info (12022): Found design unit 1: register_file-behavioral File: C:/Users/DillonBritt/Documents/Labs_Offline/7/old/Counter_Lab_7/register_file.vhd Line: 21
    Info (12023): Found entity 1: register_file File: C:/Users/DillonBritt/Documents/Labs_Offline/7/old/Counter_Lab_7/register_file.vhd Line: 7
Info (12021): Found 2 design units, including 1 entities, in source file counter.vhd
    Info (12022): Found design unit 1: Counter-Behavioral File: C:/Users/DillonBritt/Documents/Labs_Offline/7/old/Counter_Lab_7/Counter.vhd Line: 13
    Info (12023): Found entity 1: Counter File: C:/Users/DillonBritt/Documents/Labs_Offline/7/old/Counter_Lab_7/Counter.vhd Line: 4
Info (12021): Found 2 design units, including 1 entities, in source file file2.vhd
    Info (12022): Found design unit 1: file2-SYN File: C:/Users/DillonBritt/Documents/Labs_Offline/7/old/Counter_Lab_7/file2.vhd Line: 52
    Info (12023): Found entity 1: file2 File: C:/Users/DillonBritt/Documents/Labs_Offline/7/old/Counter_Lab_7/file2.vhd Line: 42
Info (12021): Found 2 design units, including 1 entities, in source file mips_control.vhd
    Info (12022): Found design unit 1: mips_control-Behavioral File: C:/Users/DillonBritt/Documents/Labs_Offline/7/old/Counter_Lab_7/mips_control.vhd Line: 18
    Info (12023): Found entity 1: mips_control File: C:/Users/DillonBritt/Documents/Labs_Offline/7/old/Counter_Lab_7/mips_control.vhd Line: 5
Info (12021): Found 2 design units, including 1 entities, in source file mips_register_file.vhd
    Info (12022): Found design unit 1: mips_register_file-arch File: C:/Users/DillonBritt/Documents/Labs_Offline/7/old/Counter_Lab_7/mips_register_file.vhd Line: 16
    Info (12023): Found entity 1: mips_register_file File: C:/Users/DillonBritt/Documents/Labs_Offline/7/old/Counter_Lab_7/mips_register_file.vhd Line: 6
Info (12021): Found 2 design units, including 1 entities, in source file mips_alu.vhd
    Info (12022): Found design unit 1: mips_alu-arch File: C:/Users/DillonBritt/Documents/Labs_Offline/7/old/Counter_Lab_7/mips_alu.vhd Line: 17
    Info (12023): Found entity 1: mips_alu File: C:/Users/DillonBritt/Documents/Labs_Offline/7/old/Counter_Lab_7/mips_alu.vhd Line: 8
Info (12127): Elaborating entity "mips_control" for the top level hierarchy
Warning (10631): VHDL Process Statement warning at mips_control.vhd(20): inferring latch(es) for signal or variable "ALUControl", which holds its previous value in one or more paths through the process File: C:/Users/DillonBritt/Documents/Labs_Offline/7/old/Counter_Lab_7/mips_control.vhd Line: 20
Info (10041): Inferred latch for "ALUControl[0]" at mips_control.vhd(20) File: C:/Users/DillonBritt/Documents/Labs_Offline/7/old/Counter_Lab_7/mips_control.vhd Line: 20
Info (10041): Inferred latch for "ALUControl[1]" at mips_control.vhd(20) File: C:/Users/DillonBritt/Documents/Labs_Offline/7/old/Counter_Lab_7/mips_control.vhd Line: 20
Info (10041): Inferred latch for "ALUControl[2]" at mips_control.vhd(20) File: C:/Users/DillonBritt/Documents/Labs_Offline/7/old/Counter_Lab_7/mips_control.vhd Line: 20
Info (10041): Inferred latch for "ALUControl[3]" at mips_control.vhd(20) File: C:/Users/DillonBritt/Documents/Labs_Offline/7/old/Counter_Lab_7/mips_control.vhd Line: 20
Warning (13012): Latch ALUControl[0]$latch has unsafe behavior File: C:/Users/DillonBritt/Documents/Labs_Offline/7/old/Counter_Lab_7/mips_control.vhd Line: 20
    Warning (13013): Ports D and ENA on the latch are fed by the same signal opcode[1] File: C:/Users/DillonBritt/Documents/Labs_Offline/7/old/Counter_Lab_7/mips_control.vhd Line: 7
Warning (13012): Latch ALUControl[1]$latch has unsafe behavior File: C:/Users/DillonBritt/Documents/Labs_Offline/7/old/Counter_Lab_7/mips_control.vhd Line: 20
    Warning (13013): Ports D and ENA on the latch are fed by the same signal opcode[4] File: C:/Users/DillonBritt/Documents/Labs_Offline/7/old/Counter_Lab_7/mips_control.vhd Line: 7
Warning (13012): Latch ALUControl[2]$latch has unsafe behavior File: C:/Users/DillonBritt/Documents/Labs_Offline/7/old/Counter_Lab_7/mips_control.vhd Line: 20
    Warning (13013): Ports D and ENA on the latch are fed by the same signal opcode[4] File: C:/Users/DillonBritt/Documents/Labs_Offline/7/old/Counter_Lab_7/mips_control.vhd Line: 7
Warning (13012): Latch ALUControl[3]$latch has unsafe behavior File: C:/Users/DillonBritt/Documents/Labs_Offline/7/old/Counter_Lab_7/mips_control.vhd Line: 20
    Warning (13013): Ports D and ENA on the latch are fed by the same signal opcode[0] File: C:/Users/DillonBritt/Documents/Labs_Offline/7/old/Counter_Lab_7/mips_control.vhd Line: 7
Warning (13024): Output pins are stuck at VCC or GND
    Warning (13410): Pin "MemtoReg" is stuck at GND File: C:/Users/DillonBritt/Documents/Labs_Offline/7/old/Counter_Lab_7/mips_control.vhd Line: 13
Info (286030): Timing-Driven Synthesis is running
Info (16010): Generating hard_block partition "hard_block:auto_generated_inst"
    Info (16011): Adding 0 node(s), including 0 DDIO, 0 PLL, 0 transceiver and 0 LCELL
Info (21057): Implemented 69 device resources after synthesis - the final resource count might be different
    Info (21058): Implemented 16 input pins
    Info (21059): Implemented 15 output pins
    Info (21061): Implemented 38 logic cells
Info: Quartus Prime Analysis & Synthesis was successful. 0 errors, 12 warnings
    Info: Peak virtual memory: 791 megabytes
    Info: Processing ended: Wed Apr 11 11:21:55 2018
    Info: Elapsed time: 00:00:32
    Info: Total CPU time (on all processors): 00:00:45


